0 verbose cli /Users/deonkenzie/.nvm/versions/node/v18.20.8/bin/node /Users/deonkenzie/.nvm/versions/node/v18.20.8/bin/npm
1 info using npm@10.8.2
2 info using node@v18.20.8
3 silly config load:file:/Users/deonkenzie/.nvm/versions/node/v18.20.8/lib/node_modules/npm/npmrc
4 silly config load:file:/Users/deonkenzie/Desktop/Mould Busters/.npmrc
5 silly config load:file:/Users/deonkenzie/.npmrc
6 silly config load:file:/Users/deonkenzie/.nvm/versions/node/v18.20.8/etc/npmrc
7 verbose title npm install
8 verbose argv "install" "--cache" "./.npm-cache"
9 verbose logfile logs-max:10 dir:/Users/deonkenzie/Desktop/Mould Busters/.npm-cache/_logs/2026-01-11T21_13_05_404Z-
10 verbose logfile /Users/deonkenzie/Desktop/Mould Busters/.npm-cache/_logs/2026-01-11T21_13_05_404Z-debug-0.log
11 silly packumentCache heap:4345298944 maxSize:1086324736 maxEntrySize:543162368
12 silly logfile done cleaning log files
13 http fetch GET 200 https://registry.npmjs.org/npm 2112ms
14 silly idealTree buildDeps
15 silly fetch manifest next@^14.0.0
16 silly packumentCache full:https://registry.npmjs.org/next cache-miss
17 http fetch GET 200 https://registry.npmjs.org/next 1936ms (cache miss)
18 silly packumentCache full:https://registry.npmjs.org/next set size:undefined disposed:false
19 silly fetch manifest @opentelemetry/api@^1.1.0
20 silly packumentCache full:https://registry.npmjs.org/@opentelemetry%2fapi cache-miss
21 http fetch GET 200 https://registry.npmjs.org/@opentelemetry%2fapi 262ms (cache miss)
22 silly packumentCache full:https://registry.npmjs.org/@opentelemetry%2fapi set size:undefined disposed:false
23 silly fetch manifest @playwright/test@^1.41.2
24 silly packumentCache full:https://registry.npmjs.org/@playwright%2ftest cache-miss
25 http fetch GET 200 https://registry.npmjs.org/@playwright%2ftest 1111ms (cache miss)
26 silly packumentCache full:https://registry.npmjs.org/@playwright%2ftest set size:undefined disposed:false
27 silly fetch manifest react@^18.2.0
28 silly packumentCache full:https://registry.npmjs.org/react cache-miss
29 http fetch GET 200 https://registry.npmjs.org/react 733ms (cache miss)
30 silly packumentCache full:https://registry.npmjs.org/react set size:undefined disposed:false
31 silly fetch manifest react-dom@^18.2.0
32 silly packumentCache full:https://registry.npmjs.org/react-dom cache-miss
33 http fetch GET 200 https://registry.npmjs.org/react-dom 2844ms (cache miss)
34 silly packumentCache full:https://registry.npmjs.org/react-dom set size:undefined disposed:false
35 silly fetch manifest sass@^1.3.0
36 silly packumentCache full:https://registry.npmjs.org/sass cache-miss
37 http fetch GET 200 https://registry.npmjs.org/sass 379ms (cache miss)
38 silly packumentCache full:https://registry.npmjs.org/sass set size:undefined disposed:false
39 silly fetch manifest @types/node@^20.0.0
40 silly packumentCache full:https://registry.npmjs.org/@types%2fnode cache-miss
41 http fetch GET 200 https://registry.npmjs.org/@types%2fnode 1150ms (cache miss)
42 silly packumentCache full:https://registry.npmjs.org/@types%2fnode set size:undefined disposed:false
43 silly fetch manifest @types/react@^18.2.0
44 silly packumentCache full:https://registry.npmjs.org/@types%2freact cache-miss
45 http fetch GET 200 https://registry.npmjs.org/@types%2freact 473ms (cache miss)
46 silly packumentCache full:https://registry.npmjs.org/@types%2freact set size:undefined disposed:false
47 silly fetch manifest @types/react-dom@^18.2.0
48 silly packumentCache full:https://registry.npmjs.org/@types%2freact-dom cache-miss
49 http fetch GET 200 https://registry.npmjs.org/@types%2freact-dom 581ms (cache miss)
50 silly packumentCache full:https://registry.npmjs.org/@types%2freact-dom set size:undefined disposed:false
51 silly fetch manifest autoprefixer@^10.4.16
52 silly packumentCache full:https://registry.npmjs.org/autoprefixer cache-miss
53 http fetch GET 200 https://registry.npmjs.org/autoprefixer 398ms (cache miss)
54 silly packumentCache full:https://registry.npmjs.org/autoprefixer set size:undefined disposed:false
55 silly fetch manifest postcss@^8.4.32
56 silly packumentCache full:https://registry.npmjs.org/postcss cache-miss
57 http fetch GET 200 https://registry.npmjs.org/postcss 370ms (cache miss)
58 silly packumentCache full:https://registry.npmjs.org/postcss set size:undefined disposed:false
59 silly fetch manifest tailwindcss@^3.3.6
60 silly packumentCache full:https://registry.npmjs.org/tailwindcss cache-miss
61 http fetch GET 200 https://registry.npmjs.org/tailwindcss 1101ms (cache miss)
62 silly packumentCache full:https://registry.npmjs.org/tailwindcss set size:undefined disposed:false
63 silly fetch manifest typescript@^5.2.2
64 silly packumentCache full:https://registry.npmjs.org/typescript cache-miss
65 http fetch GET 200 https://registry.npmjs.org/typescript 1395ms (cache miss)
66 silly packumentCache full:https://registry.npmjs.org/typescript set size:undefined disposed:false
67 silly placeDep ROOT @types/node@20.19.28 OK for: mould-busters@1.0.0 want: ^20.0.0
68 silly placeDep ROOT @types/react@18.3.27 OK for: mould-busters@1.0.0 want: ^18.2.0
69 silly placeDep ROOT @types/react-dom@18.3.7 OK for: mould-busters@1.0.0 want: ^18.2.0
70 silly placeDep ROOT autoprefixer@10.4.23 OK for: mould-busters@1.0.0 want: ^10.4.16
71 silly placeDep ROOT postcss@8.5.6 OK for: autoprefixer@10.4.23 want: ^8.1.0
72 silly placeDep ROOT next@14.2.35 OK for: mould-busters@1.0.0 want: ^14.0.0
73 silly placeDep ROOT react@18.3.1 OK for: next@14.2.35 want: ^18.2.0
74 silly placeDep ROOT react-dom@18.3.1 OK for: next@14.2.35 want: ^18.2.0
75 silly placeDep ROOT tailwindcss@3.4.19 OK for: mould-busters@1.0.0 want: ^3.3.6
76 silly placeDep ROOT typescript@5.9.3 OK for: mould-busters@1.0.0 want: ^5.2.2
77 silly fetch manifest undici-types@~6.21.0
78 silly packumentCache full:https://registry.npmjs.org/undici-types cache-miss
79 silly fetch manifest csstype@^3.2.2
80 silly packumentCache full:https://registry.npmjs.org/csstype cache-miss
81 silly fetch manifest @types/prop-types@*
82 silly packumentCache full:https://registry.npmjs.org/@types%2fprop-types cache-miss
83 silly fetch manifest browserslist@^4.28.1
84 silly packumentCache full:https://registry.npmjs.org/browserslist cache-miss
85 silly fetch manifest caniuse-lite@^1.0.30001760
86 silly packumentCache full:https://registry.npmjs.org/caniuse-lite cache-miss
87 silly fetch manifest fraction.js@^5.3.4
88 silly packumentCache full:https://registry.npmjs.org/fraction.js cache-miss
89 silly fetch manifest picocolors@^1.1.1
90 silly packumentCache full:https://registry.npmjs.org/picocolors cache-miss
91 silly fetch manifest postcss-value-parser@^4.2.0
92 silly packumentCache full:https://registry.npmjs.org/postcss-value-parser cache-miss
93 silly fetch manifest nanoid@^3.3.11
94 silly packumentCache full:https://registry.npmjs.org/nanoid cache-miss
95 silly fetch manifest picocolors@^1.1.1
96 silly packumentCache full:https://registry.npmjs.org/picocolors cache-miss
97 silly fetch manifest source-map-js@^1.2.1
98 silly packumentCache full:https://registry.npmjs.org/source-map-js cache-miss
99 http fetch GET 200 https://registry.npmjs.org/undici-types 245ms (cache miss)
100 silly packumentCache full:https://registry.npmjs.org/undici-types set size:undefined disposed:false
101 silly fetch manifest busboy@1.6.0
102 silly packumentCache full:https://registry.npmjs.org/busboy cache-miss
103 http fetch GET 200 https://registry.npmjs.org/busboy 342ms (cache miss)
104 silly packumentCache full:https://registry.npmjs.org/busboy set size:undefined disposed:false
105 silly fetch manifest postcss@8.4.31
106 silly packumentCache full:https://registry.npmjs.org/postcss cache-miss
107 http fetch GET 200 https://registry.npmjs.org/postcss 12ms (cache hit)
108 silly packumentCache full:https://registry.npmjs.org/postcss set size:696248 disposed:false
109 silly fetch manifest @next/env@14.2.35
110 silly packumentCache full:https://registry.npmjs.org/@next%2fenv cache-miss
111 http fetch GET 200 https://registry.npmjs.org/picocolors 1050ms (cache miss)
112 silly packumentCache full:https://registry.npmjs.org/picocolors set size:undefined disposed:false
113 silly fetch manifest styled-jsx@5.1.1
114 silly packumentCache full:https://registry.npmjs.org/styled-jsx cache-miss
115 http fetch GET 200 https://registry.npmjs.org/picocolors 1166ms (cache miss)
116 silly packumentCache full:https://registry.npmjs.org/picocolors set size:undefined disposed:false
117 silly fetch manifest graceful-fs@^4.2.11
118 silly packumentCache full:https://registry.npmjs.org/graceful-fs cache-miss
119 http fetch GET 200 https://registry.npmjs.org/source-map-js 1268ms (cache miss)
120 silly packumentCache full:https://registry.npmjs.org/source-map-js set size:undefined disposed:false
121 silly fetch manifest @swc/helpers@0.5.5
122 silly packumentCache full:https://registry.npmjs.org/@swc%2fhelpers cache-miss
123 http fetch GET 200 https://registry.npmjs.org/postcss-value-parser 1362ms (cache miss)
124 silly packumentCache full:https://registry.npmjs.org/postcss-value-parser set size:undefined disposed:false
125 silly fetch manifest caniuse-lite@^1.0.30001579
126 silly packumentCache full:https://registry.npmjs.org/caniuse-lite cache-miss
127 http fetch GET 200 https://registry.npmjs.org/@types%2fprop-types 1414ms (cache miss)
128 silly packumentCache full:https://registry.npmjs.org/@types%2fprop-types set size:undefined disposed:false
129 silly fetch manifest @next/swc-darwin-x64@14.2.33
130 silly packumentCache full:https://registry.npmjs.org/@next%2fswc-darwin-x64 cache-miss
131 http fetch GET 200 https://registry.npmjs.org/fraction.js 1472ms (cache miss)
132 silly packumentCache full:https://registry.npmjs.org/fraction.js set size:undefined disposed:false
133 silly fetch manifest @next/swc-darwin-arm64@14.2.33
134 silly packumentCache full:https://registry.npmjs.org/@next%2fswc-darwin-arm64 cache-miss
135 http fetch GET 200 https://registry.npmjs.org/csstype 1586ms (cache miss)
136 silly packumentCache full:https://registry.npmjs.org/csstype set size:undefined disposed:false
137 silly fetch manifest @next/swc-linux-x64-gnu@14.2.33
138 silly packumentCache full:https://registry.npmjs.org/@next%2fswc-linux-x64-gnu cache-miss
139 http fetch GET 200 https://registry.npmjs.org/nanoid 1651ms (cache miss)
140 silly packumentCache full:https://registry.npmjs.org/nanoid set size:undefined disposed:false
141 silly fetch manifest @next/swc-linux-x64-musl@14.2.33
142 silly packumentCache full:https://registry.npmjs.org/@next%2fswc-linux-x64-musl cache-miss
143 http fetch GET 200 https://registry.npmjs.org/@next%2fenv 1078ms (cache miss)
144 silly packumentCache full:https://registry.npmjs.org/@next%2fenv set size:undefined disposed:false
145 silly fetch manifest @next/swc-win32-x64-msvc@14.2.33
146 silly packumentCache full:https://registry.npmjs.org/@next%2fswc-win32-x64-msvc cache-miss
147 http fetch GET 200 https://registry.npmjs.org/graceful-fs 556ms (cache miss)
148 silly packumentCache full:https://registry.npmjs.org/graceful-fs set size:undefined disposed:false
149 silly fetch manifest @next/swc-linux-arm64-gnu@14.2.33
150 silly packumentCache full:https://registry.npmjs.org/@next%2fswc-linux-arm64-gnu cache-miss
151 http fetch GET 200 https://registry.npmjs.org/browserslist 1761ms (cache miss)
152 silly packumentCache full:https://registry.npmjs.org/browserslist set size:undefined disposed:false
153 silly fetch manifest @next/swc-win32-ia32-msvc@14.2.33
154 silly packumentCache full:https://registry.npmjs.org/@next%2fswc-win32-ia32-msvc cache-miss
155 http fetch GET 200 https://registry.npmjs.org/styled-jsx 907ms (cache miss)
156 silly packumentCache full:https://registry.npmjs.org/styled-jsx set size:undefined disposed:false
157 silly fetch manifest @next/swc-linux-arm64-musl@14.2.33
158 silly packumentCache full:https://registry.npmjs.org/@next%2fswc-linux-arm64-musl cache-miss
159 http fetch GET 200 https://registry.npmjs.org/@swc%2fhelpers 800ms (cache miss)
160 silly packumentCache full:https://registry.npmjs.org/@swc%2fhelpers set size:undefined disposed:false
161 silly fetch manifest @next/swc-win32-arm64-msvc@14.2.33
162 silly packumentCache full:https://registry.npmjs.org/@next%2fswc-win32-arm64-msvc cache-miss
163 http fetch GET 200 https://registry.npmjs.org/caniuse-lite 4548ms (cache miss)
164 silly packumentCache full:https://registry.npmjs.org/caniuse-lite set size:undefined disposed:false
165 silly fetch manifest scheduler@^0.23.2
166 silly packumentCache full:https://registry.npmjs.org/scheduler cache-miss
167 http fetch GET 200 https://registry.npmjs.org/caniuse-lite 3354ms (cache miss)
168 silly packumentCache full:https://registry.npmjs.org/caniuse-lite set size:undefined disposed:false
169 silly fetch manifest loose-envify@^1.1.0
170 silly packumentCache full:https://registry.npmjs.org/loose-envify cache-miss
171 http fetch GET 200 https://registry.npmjs.org/loose-envify 266ms (cache miss)
172 silly packumentCache full:https://registry.npmjs.org/loose-envify set size:undefined disposed:false
173 silly fetch manifest arg@^5.0.2
174 silly packumentCache full:https://registry.npmjs.org/arg cache-miss
175 http fetch GET 200 https://registry.npmjs.org/@next%2fswc-win32-ia32-msvc 5267ms (cache miss)
176 silly packumentCache full:https://registry.npmjs.org/@next%2fswc-win32-ia32-msvc set size:undefined disposed:false
177 silly fetch manifest dlv@^1.1.3
178 silly packumentCache full:https://registry.npmjs.org/dlv cache-miss
179 http fetch GET 200 https://registry.npmjs.org/@next%2fswc-linux-arm64-gnu 5498ms (cache miss)
180 silly packumentCache full:https://registry.npmjs.org/@next%2fswc-linux-arm64-gnu set size:undefined disposed:false
181 silly fetch manifest jiti@^1.21.7
182 silly packumentCache full:https://registry.npmjs.org/jiti cache-miss
183 http fetch GET 200 https://registry.npmjs.org/arg 2248ms (cache miss)
184 silly packumentCache full:https://registry.npmjs.org/arg set size:undefined disposed:false
185 silly fetch manifest is-glob@^4.0.3
186 silly packumentCache full:https://registry.npmjs.org/is-glob cache-miss
187 http fetch GET 200 https://registry.npmjs.org/dlv 387ms (cache miss)
188 silly packumentCache full:https://registry.npmjs.org/dlv set size:undefined disposed:false
189 silly fetch manifest resolve@^1.22.8
190 silly packumentCache full:https://registry.npmjs.org/resolve cache-miss
191 http fetch GET 200 https://registry.npmjs.org/@next%2fswc-win32-arm64-msvc 5660ms (cache miss)
192 silly packumentCache full:https://registry.npmjs.org/@next%2fswc-win32-arm64-msvc set size:undefined disposed:false
193 silly fetch manifest sucrase@^3.35.0
194 silly packumentCache full:https://registry.npmjs.org/sucrase cache-miss
195 http fetch GET 200 https://registry.npmjs.org/is-glob 1012ms (cache miss)
196 silly packumentCache full:https://registry.npmjs.org/is-glob set size:undefined disposed:false
197 silly fetch manifest chokidar@^3.6.0
198 silly packumentCache full:https://registry.npmjs.org/chokidar cache-miss
199 http fetch GET 200 https://registry.npmjs.org/resolve 1254ms (cache miss)
200 silly packumentCache full:https://registry.npmjs.org/resolve set size:undefined disposed:false
201 silly fetch manifest fast-glob@^3.3.2
202 silly packumentCache full:https://registry.npmjs.org/fast-glob cache-miss
203 http fetch GET 200 https://registry.npmjs.org/@next%2fswc-darwin-x64 7282ms (cache miss)
204 silly packumentCache full:https://registry.npmjs.org/@next%2fswc-darwin-x64 set size:undefined disposed:false
205 silly fetch manifest lilconfig@^3.1.3
206 silly packumentCache full:https://registry.npmjs.org/lilconfig cache-miss
207 http fetch GET 200 https://registry.npmjs.org/scheduler 4361ms (cache miss)
208 silly packumentCache full:https://registry.npmjs.org/scheduler set size:undefined disposed:false
209 silly fetch manifest didyoumean@^1.2.2
210 silly packumentCache full:https://registry.npmjs.org/didyoumean cache-miss
211 http fetch GET 200 https://registry.npmjs.org/sucrase 1207ms (cache miss)
212 silly packumentCache full:https://registry.npmjs.org/sucrase set size:undefined disposed:false
213 silly fetch manifest micromatch@^4.0.8
214 silly packumentCache full:https://registry.npmjs.org/micromatch cache-miss
215 http fetch GET 200 https://registry.npmjs.org/fast-glob 394ms (cache miss)
216 silly packumentCache full:https://registry.npmjs.org/fast-glob set size:undefined disposed:false
217 silly fetch manifest postcss-js@^4.0.1
218 silly packumentCache full:https://registry.npmjs.org/postcss-js cache-miss
219 http fetch GET 200 https://registry.npmjs.org/lilconfig 373ms (cache miss)
220 silly packumentCache full:https://registry.npmjs.org/lilconfig set size:undefined disposed:false
221 silly fetch manifest glob-parent@^6.0.2
222 silly packumentCache full:https://registry.npmjs.org/glob-parent cache-miss
223 http fetch GET 200 https://registry.npmjs.org/didyoumean 293ms (cache miss)
224 silly packumentCache full:https://registry.npmjs.org/didyoumean set size:undefined disposed:false
225 silly fetch manifest object-hash@^3.0.0
226 silly packumentCache full:https://registry.npmjs.org/object-hash cache-miss
227 http fetch GET 200 https://registry.npmjs.org/jiti 2049ms (cache miss)
228 silly packumentCache full:https://registry.npmjs.org/jiti set size:undefined disposed:false
229 silly fetch manifest normalize-path@^3.0.0
230 silly packumentCache full:https://registry.npmjs.org/normalize-path cache-miss
231 http fetch GET 200 https://registry.npmjs.org/postcss-js 333ms (cache miss)
232 silly packumentCache full:https://registry.npmjs.org/postcss-js set size:undefined disposed:false
233 silly fetch manifest postcss-import@^15.1.0
234 silly packumentCache full:https://registry.npmjs.org/postcss-import cache-miss
235 http fetch GET 200 https://registry.npmjs.org/glob-parent 343ms (cache miss)
236 silly packumentCache full:https://registry.npmjs.org/glob-parent set size:undefined disposed:false
237 silly fetch manifest postcss-nested@^6.2.0
238 silly packumentCache full:https://registry.npmjs.org/postcss-nested cache-miss
239 http fetch GET 200 https://registry.npmjs.org/micromatch 486ms (cache miss)
240 silly packumentCache full:https://registry.npmjs.org/micromatch set size:undefined disposed:false
241 silly fetch manifest @alloc/quick-lru@^5.2.0
242 silly packumentCache full:https://registry.npmjs.org/@alloc%2fquick-lru cache-miss
243 http fetch GET 200 https://registry.npmjs.org/@next%2fswc-win32-x64-msvc 7752ms (cache miss)
244 silly packumentCache full:https://registry.npmjs.org/@next%2fswc-win32-x64-msvc set size:undefined disposed:false
245 silly fetch manifest postcss-load-config@^4.0.2 || ^5.0 || ^6.0
246 silly packumentCache full:https://registry.npmjs.org/postcss-load-config cache-miss
247 http fetch GET 200 https://registry.npmjs.org/object-hash 285ms (cache miss)
248 silly packumentCache full:https://registry.npmjs.org/object-hash set size:undefined disposed:false
249 silly fetch manifest postcss-selector-parser@^6.1.2
250 silly packumentCache full:https://registry.npmjs.org/postcss-selector-parser cache-miss
251 http fetch GET 200 https://registry.npmjs.org/@next%2fswc-linux-x64-musl 7895ms (cache miss)
252 silly packumentCache full:https://registry.npmjs.org/@next%2fswc-linux-x64-musl set size:undefined disposed:false
253 http fetch GET 200 https://registry.npmjs.org/normalize-path 300ms (cache miss)
254 silly packumentCache full:https://registry.npmjs.org/normalize-path set size:undefined disposed:false
255 http fetch GET 200 https://registry.npmjs.org/postcss-nested 313ms (cache miss)
256 silly packumentCache full:https://registry.npmjs.org/postcss-nested set size:undefined disposed:false
257 http fetch GET 200 https://registry.npmjs.org/postcss-import 357ms (cache miss)
258 silly packumentCache full:https://registry.npmjs.org/postcss-import set size:undefined disposed:false
259 http fetch GET 200 https://registry.npmjs.org/postcss-load-config 346ms (cache miss)
260 silly packumentCache full:https://registry.npmjs.org/postcss-load-config set size:undefined disposed:false
261 http fetch GET 200 https://registry.npmjs.org/chokidar 1596ms (cache miss)
262 silly packumentCache full:https://registry.npmjs.org/chokidar set size:undefined disposed:false
263 http fetch GET 200 https://registry.npmjs.org/@alloc%2fquick-lru 405ms (cache miss)
264 silly packumentCache full:https://registry.npmjs.org/@alloc%2fquick-lru set size:undefined disposed:false
265 http fetch GET 200 https://registry.npmjs.org/postcss-selector-parser 354ms (cache miss)
266 silly packumentCache full:https://registry.npmjs.org/postcss-selector-parser set size:undefined disposed:false
267 http fetch GET 200 https://registry.npmjs.org/@next%2fswc-darwin-arm64 8829ms (cache miss)
268 silly packumentCache full:https://registry.npmjs.org/@next%2fswc-darwin-arm64 set size:undefined disposed:false
269 http fetch GET 200 https://registry.npmjs.org/@next%2fswc-linux-x64-gnu 8747ms (cache miss)
270 silly packumentCache full:https://registry.npmjs.org/@next%2fswc-linux-x64-gnu set size:undefined disposed:false
271 http fetch GET 200 https://registry.npmjs.org/@next%2fswc-linux-arm64-musl 8539ms (cache miss)
272 silly packumentCache full:https://registry.npmjs.org/@next%2fswc-linux-arm64-musl set size:undefined disposed:false
273 silly placeDep ROOT undici-types@6.21.0 OK for: @types/node@20.19.28 want: ~6.21.0
274 silly placeDep ROOT @types/prop-types@15.7.15 OK for: @types/react@18.3.27 want: *
275 silly placeDep ROOT csstype@3.2.3 OK for: @types/react@18.3.27 want: ^3.2.2
276 silly placeDep ROOT browserslist@4.28.1 OK for: autoprefixer@10.4.23 want: ^4.28.1
277 silly placeDep ROOT caniuse-lite@1.0.30001764 OK for: autoprefixer@10.4.23 want: ^1.0.30001760
278 silly placeDep ROOT fraction.js@5.3.4 OK for: autoprefixer@10.4.23 want: ^5.3.4
279 silly placeDep ROOT picocolors@1.1.1 OK for: autoprefixer@10.4.23 want: ^1.1.1
280 silly placeDep ROOT postcss-value-parser@4.2.0 OK for: autoprefixer@10.4.23 want: ^4.2.0
281 silly fetch manifest baseline-browser-mapping@^2.9.0
282 silly packumentCache full:https://registry.npmjs.org/baseline-browser-mapping cache-miss
283 silly fetch manifest caniuse-lite@^1.0.30001759
284 silly packumentCache full:https://registry.npmjs.org/caniuse-lite cache-miss
285 silly fetch manifest electron-to-chromium@^1.5.263
286 silly packumentCache full:https://registry.npmjs.org/electron-to-chromium cache-miss
287 silly fetch manifest node-releases@^2.0.27
288 silly packumentCache full:https://registry.npmjs.org/node-releases cache-miss
289 silly fetch manifest update-browserslist-db@^1.2.0
290 silly packumentCache full:https://registry.npmjs.org/update-browserslist-db cache-miss
291 http fetch GET 200 https://registry.npmjs.org/caniuse-lite 17ms (cache hit)
292 silly packumentCache full:https://registry.npmjs.org/caniuse-lite set size:2242439 disposed:false
293 http fetch GET 200 https://registry.npmjs.org/update-browserslist-db 339ms (cache miss)
294 silly packumentCache full:https://registry.npmjs.org/update-browserslist-db set size:undefined disposed:false
295 http fetch GET 200 https://registry.npmjs.org/node-releases 356ms (cache miss)
296 silly packumentCache full:https://registry.npmjs.org/node-releases set size:undefined disposed:false
297 http fetch GET 200 https://registry.npmjs.org/baseline-browser-mapping 448ms (cache miss)
298 silly packumentCache full:https://registry.npmjs.org/baseline-browser-mapping set size:undefined disposed:false
299 http fetch GET 200 https://registry.npmjs.org/electron-to-chromium 2557ms (cache miss)
300 silly packumentCache full:https://registry.npmjs.org/electron-to-chromium set size:undefined disposed:false
301 silly fetch manifest browserslist@>= 4.21.0
302 silly packumentCache full:https://registry.npmjs.org/browserslist cache-miss
303 http fetch GET 200 https://registry.npmjs.org/browserslist 19ms (cache hit)
304 silly packumentCache full:https://registry.npmjs.org/browserslist set size:502989 disposed:false
305 silly placeDep ROOT baseline-browser-mapping@2.9.14 OK for: browserslist@4.28.1 want: ^2.9.0
306 silly placeDep ROOT electron-to-chromium@1.5.267 OK for: browserslist@4.28.1 want: ^1.5.263
307 silly placeDep ROOT node-releases@2.0.27 OK for: browserslist@4.28.1 want: ^2.0.27
308 silly placeDep ROOT update-browserslist-db@1.2.3 OK for: browserslist@4.28.1 want: ^1.2.0
309 silly fetch manifest escalade@^3.2.0
310 silly packumentCache full:https://registry.npmjs.org/escalade cache-miss
311 http fetch GET 200 https://registry.npmjs.org/escalade 272ms (cache miss)
312 silly packumentCache full:https://registry.npmjs.org/escalade set size:undefined disposed:false
313 silly placeDep ROOT @next/env@14.2.35 OK for: next@14.2.35 want: 14.2.35
314 silly placeDep ROOT @next/swc-darwin-arm64@14.2.33 OK for: next@14.2.35 want: 14.2.33
315 silly placeDep ROOT @next/swc-darwin-x64@14.2.33 OK for: next@14.2.35 want: 14.2.33
316 silly placeDep ROOT @next/swc-linux-arm64-gnu@14.2.33 OK for: next@14.2.35 want: 14.2.33
317 silly placeDep ROOT @next/swc-linux-arm64-musl@14.2.33 OK for: next@14.2.35 want: 14.2.33
318 silly placeDep ROOT @next/swc-linux-x64-gnu@14.2.33 OK for: next@14.2.35 want: 14.2.33
319 silly placeDep ROOT @next/swc-linux-x64-musl@14.2.33 OK for: next@14.2.35 want: 14.2.33
320 silly placeDep ROOT @next/swc-win32-arm64-msvc@14.2.33 OK for: next@14.2.35 want: 14.2.33
321 silly placeDep ROOT @next/swc-win32-ia32-msvc@14.2.33 OK for: next@14.2.35 want: 14.2.33
322 silly placeDep ROOT @next/swc-win32-x64-msvc@14.2.33 OK for: next@14.2.35 want: 14.2.33
323 silly placeDep ROOT @swc/helpers@0.5.5 OK for: next@14.2.35 want: 0.5.5
324 silly placeDep ROOT busboy@1.6.0 OK for: next@14.2.35 want: 1.6.0
325 silly placeDep ROOT graceful-fs@4.2.11 OK for: next@14.2.35 want: ^4.2.11
326 silly placeDep node_modules/next postcss@8.4.31 OK for: next@14.2.35 want: 8.4.31
327 silly placeDep ROOT styled-jsx@5.1.1 OK for: next@14.2.35 want: 5.1.1
328 silly fetch manifest tslib@^2.4.0
329 silly packumentCache full:https://registry.npmjs.org/tslib cache-miss
330 silly fetch manifest @swc/counter@^0.1.3
331 silly packumentCache full:https://registry.npmjs.org/@swc%2fcounter cache-miss
332 silly fetch manifest streamsearch@^1.1.0
333 silly packumentCache full:https://registry.npmjs.org/streamsearch cache-miss
334 silly fetch manifest nanoid@^3.3.6
335 silly packumentCache full:https://registry.npmjs.org/nanoid cache-miss
336 silly fetch manifest source-map-js@^1.0.2
337 silly packumentCache full:https://registry.npmjs.org/source-map-js cache-miss
338 silly fetch manifest client-only@0.0.1
339 silly packumentCache full:https://registry.npmjs.org/client-only cache-miss
340 http fetch GET 200 https://registry.npmjs.org/source-map-js 7ms (cache hit)
341 silly packumentCache full:https://registry.npmjs.org/source-map-js set size:62640 disposed:false
342 http fetch GET 200 https://registry.npmjs.org/nanoid 10ms (cache hit)
343 silly packumentCache full:https://registry.npmjs.org/nanoid set size:298419 disposed:false
344 http fetch GET 200 https://registry.npmjs.org/client-only 316ms (cache miss)
345 silly packumentCache full:https://registry.npmjs.org/client-only set size:undefined disposed:false
346 http fetch GET 200 https://registry.npmjs.org/tslib 362ms (cache miss)
347 silly packumentCache full:https://registry.npmjs.org/tslib set size:undefined disposed:false
348 http fetch GET 200 https://registry.npmjs.org/@swc%2fcounter 406ms (cache miss)
349 silly packumentCache full:https://registry.npmjs.org/@swc%2fcounter set size:undefined disposed:false
350 http fetch GET 200 https://registry.npmjs.org/streamsearch 424ms (cache miss)
351 silly packumentCache full:https://registry.npmjs.org/streamsearch set size:undefined disposed:false
352 silly placeDep ROOT @swc/counter@0.1.3 OK for: @swc/helpers@0.5.5 want: ^0.1.3
353 silly placeDep ROOT tslib@2.8.1 OK for: @swc/helpers@0.5.5 want: ^2.4.0
354 silly placeDep ROOT streamsearch@1.1.0 OK for: busboy@1.6.0 want: ^1.1.0
355 silly placeDep ROOT nanoid@3.3.11 OK for: postcss@8.5.6 want: ^3.3.11
356 silly placeDep ROOT source-map-js@1.2.1 OK for: postcss@8.5.6 want: ^1.2.1
357 silly placeDep ROOT loose-envify@1.4.0 OK for: react@18.3.1 want: ^1.1.0
358 silly fetch manifest js-tokens@^3.0.0 || ^4.0.0
359 silly packumentCache full:https://registry.npmjs.org/js-tokens cache-miss
360 http fetch GET 200 https://registry.npmjs.org/js-tokens 298ms (cache miss)
361 silly packumentCache full:https://registry.npmjs.org/js-tokens set size:undefined disposed:false
362 silly placeDep ROOT js-tokens@4.0.0 OK for: loose-envify@1.4.0 want: ^3.0.0 || ^4.0.0
363 silly placeDep ROOT scheduler@0.23.2 OK for: react-dom@18.3.1 want: ^0.23.2
364 silly placeDep ROOT client-only@0.0.1 OK for: styled-jsx@5.1.1 want: 0.0.1
365 silly fetch manifest postcss@^8.4.47
366 silly packumentCache full:https://registry.npmjs.org/postcss cache-hit
367 silly fetch manifest tsx@^4.8.1
368 silly packumentCache full:https://registry.npmjs.org/tsx cache-miss
369 http fetch GET 200 https://registry.npmjs.org/tsx 486ms (cache miss)
370 silly packumentCache full:https://registry.npmjs.org/tsx set size:undefined disposed:false
371 silly fetch manifest yaml@^2.4.2
372 silly packumentCache full:https://registry.npmjs.org/yaml cache-miss
373 http fetch GET 200 https://registry.npmjs.org/yaml 437ms (cache miss)
374 silly packumentCache full:https://registry.npmjs.org/yaml set size:undefined disposed:false
375 silly placeDep ROOT @alloc/quick-lru@5.2.0 OK for: tailwindcss@3.4.19 want: ^5.2.0
376 silly placeDep ROOT arg@5.0.2 OK for: tailwindcss@3.4.19 want: ^5.0.2
377 silly placeDep ROOT chokidar@3.6.0 OK for: tailwindcss@3.4.19 want: ^3.6.0
378 silly placeDep ROOT didyoumean@1.2.2 OK for: tailwindcss@3.4.19 want: ^1.2.2
379 silly placeDep ROOT dlv@1.1.3 OK for: tailwindcss@3.4.19 want: ^1.1.3
380 silly placeDep ROOT fast-glob@3.3.3 OK for: tailwindcss@3.4.19 want: ^3.3.2
381 silly placeDep ROOT glob-parent@6.0.2 OK for: tailwindcss@3.4.19 want: ^6.0.2
382 silly placeDep ROOT is-glob@4.0.3 OK for: tailwindcss@3.4.19 want: ^4.0.3
383 silly placeDep ROOT jiti@1.21.7 OK for: tailwindcss@3.4.19 want: ^1.21.7
384 silly placeDep ROOT lilconfig@3.1.3 OK for: tailwindcss@3.4.19 want: ^3.1.3
385 silly placeDep ROOT micromatch@4.0.8 OK for: tailwindcss@3.4.19 want: ^4.0.8
386 silly placeDep ROOT normalize-path@3.0.0 OK for: tailwindcss@3.4.19 want: ^3.0.0
387 silly placeDep ROOT object-hash@3.0.0 OK for: tailwindcss@3.4.19 want: ^3.0.0
388 silly placeDep ROOT postcss-import@15.1.0 OK for: tailwindcss@3.4.19 want: ^15.1.0
389 silly placeDep ROOT postcss-js@4.1.0 OK for: tailwindcss@3.4.19 want: ^4.0.1
390 silly placeDep ROOT postcss-load-config@6.0.1 OK for: tailwindcss@3.4.19 want: ^4.0.2 || ^5.0 || ^6.0
391 silly placeDep ROOT postcss-nested@6.2.0 OK for: tailwindcss@3.4.19 want: ^6.2.0
392 silly placeDep ROOT postcss-selector-parser@6.1.2 OK for: tailwindcss@3.4.19 want: ^6.1.2
393 silly placeDep ROOT resolve@1.22.11 OK for: tailwindcss@3.4.19 want: ^1.22.8
394 silly placeDep ROOT sucrase@3.35.1 OK for: tailwindcss@3.4.19 want: ^3.35.0
395 silly fetch manifest braces@~3.0.2
396 silly packumentCache full:https://registry.npmjs.org/braces cache-miss
397 silly fetch manifest is-glob@~4.0.1
398 silly packumentCache full:https://registry.npmjs.org/is-glob cache-miss
399 silly fetch manifest anymatch@~3.1.2
400 silly packumentCache full:https://registry.npmjs.org/anymatch cache-miss
401 silly fetch manifest readdirp@~3.6.0
402 silly packumentCache full:https://registry.npmjs.org/readdirp cache-miss
403 silly fetch manifest glob-parent@~5.1.2
404 silly packumentCache full:https://registry.npmjs.org/glob-parent cache-miss
405 silly fetch manifest is-binary-path@~2.1.0
406 silly packumentCache full:https://registry.npmjs.org/is-binary-path cache-miss
407 silly fetch manifest normalize-path@~3.0.0
408 silly packumentCache full:https://registry.npmjs.org/normalize-path cache-miss
409 silly fetch manifest fsevents@~2.3.2
410 silly packumentCache full:https://registry.npmjs.org/fsevents cache-miss
411 silly fetch manifest @nodelib/fs.stat@^2.0.2
412 silly packumentCache full:https://registry.npmjs.org/@nodelib%2ffs.stat cache-miss
413 silly fetch manifest @nodelib/fs.walk@^1.2.3
414 silly packumentCache full:https://registry.npmjs.org/@nodelib%2ffs.walk cache-miss
415 silly fetch manifest glob-parent@^5.1.2
416 silly packumentCache full:https://registry.npmjs.org/glob-parent cache-miss
417 http fetch GET 200 https://registry.npmjs.org/glob-parent 11ms (cache hit)
418 silly packumentCache full:https://registry.npmjs.org/glob-parent set size:42445 disposed:false
419 silly fetch manifest merge2@^1.3.0
420 silly packumentCache full:https://registry.npmjs.org/merge2 cache-miss
421 http fetch GET 200 https://registry.npmjs.org/normalize-path 12ms (cache hit)
422 silly packumentCache full:https://registry.npmjs.org/normalize-path set size:28713 disposed:false
423 silly fetch manifest is-extglob@^2.1.1
424 silly packumentCache full:https://registry.npmjs.org/is-extglob cache-miss
425 http fetch GET 200 https://registry.npmjs.org/is-glob 16ms (cache hit)
426 silly packumentCache full:https://registry.npmjs.org/is-glob set size:40530 disposed:false
427 silly fetch manifest braces@^3.0.3
428 silly packumentCache full:https://registry.npmjs.org/braces cache-miss
429 http fetch GET 200 https://registry.npmjs.org/glob-parent 13ms (cache hit)
430 silly packumentCache full:https://registry.npmjs.org/glob-parent set size:42445 disposed:false
431 silly packumentCache full:https://registry.npmjs.org/glob-parent dispose
432 silly fetch manifest picomatch@^2.3.1
433 silly packumentCache full:https://registry.npmjs.org/picomatch cache-miss
434 http fetch GET 200 https://registry.npmjs.org/braces 325ms (cache miss)
435 silly packumentCache full:https://registry.npmjs.org/braces set size:undefined disposed:false
436 silly fetch manifest resolve@^1.1.7
437 silly packumentCache full:https://registry.npmjs.org/resolve cache-miss
438 http fetch GET 200 https://registry.npmjs.org/resolve 5ms (cache hit)
439 silly packumentCache full:https://registry.npmjs.org/resolve set size:246681 disposed:false
440 silly fetch manifest read-cache@^1.0.0
441 silly packumentCache full:https://registry.npmjs.org/read-cache cache-miss
442 http fetch GET 200 https://registry.npmjs.org/is-binary-path 334ms (cache miss)
443 silly packumentCache full:https://registry.npmjs.org/is-binary-path set size:undefined disposed:false
444 silly fetch manifest camelcase-css@^2.0.1
445 silly packumentCache full:https://registry.npmjs.org/camelcase-css cache-miss
446 http fetch GET 200 https://registry.npmjs.org/picomatch 320ms (cache miss)
447 silly packumentCache full:https://registry.npmjs.org/picomatch set size:undefined disposed:false
448 silly fetch manifest postcss-selector-parser@^6.1.1
449 silly packumentCache full:https://registry.npmjs.org/postcss-selector-parser cache-miss
450 http fetch GET 200 https://registry.npmjs.org/is-extglob 324ms (cache miss)
451 silly packumentCache full:https://registry.npmjs.org/is-extglob set size:undefined disposed:false
452 silly fetch manifest cssesc@^3.0.0
453 silly packumentCache full:https://registry.npmjs.org/cssesc cache-miss
454 http fetch GET 200 https://registry.npmjs.org/postcss-selector-parser 4ms (cache hit)
455 silly packumentCache full:https://registry.npmjs.org/postcss-selector-parser set size:177140 disposed:false
456 silly fetch manifest util-deprecate@^1.0.2
457 silly packumentCache full:https://registry.npmjs.org/util-deprecate cache-miss
458 http fetch GET 200 https://registry.npmjs.org/merge2 333ms (cache miss)
459 silly packumentCache full:https://registry.npmjs.org/merge2 set size:undefined disposed:false
460 silly fetch manifest is-core-module@^2.16.1
461 silly packumentCache full:https://registry.npmjs.org/is-core-module cache-miss
462 http fetch GET 200 https://registry.npmjs.org/readdirp 354ms (cache miss)
463 silly packumentCache full:https://registry.npmjs.org/readdirp set size:undefined disposed:false
464 silly fetch manifest path-parse@^1.0.7
465 silly packumentCache full:https://registry.npmjs.org/path-parse cache-miss
466 http fetch GET 200 https://registry.npmjs.org/braces 347ms (cache miss)
467 silly packumentCache full:https://registry.npmjs.org/braces set size:undefined disposed:false
468 silly fetch manifest supports-preserve-symlinks-flag@^1.0.0
469 silly packumentCache full:https://registry.npmjs.org/supports-preserve-symlinks-flag cache-miss
470 http fetch GET 200 https://registry.npmjs.org/anymatch 366ms (cache miss)
471 silly packumentCache full:https://registry.npmjs.org/anymatch set size:undefined disposed:false
472 silly fetch manifest @jridgewell/gen-mapping@^0.3.2
473 silly packumentCache full:https://registry.npmjs.org/@jridgewell%2fgen-mapping cache-miss
474 http fetch GET 200 https://registry.npmjs.org/@nodelib%2ffs.walk 410ms (cache miss)
475 silly packumentCache full:https://registry.npmjs.org/@nodelib%2ffs.walk set size:undefined disposed:false
476 silly fetch manifest commander@^4.0.0
477 silly packumentCache full:https://registry.npmjs.org/commander cache-miss
478 http fetch GET 200 https://registry.npmjs.org/@nodelib%2ffs.stat 412ms (cache miss)
479 silly packumentCache full:https://registry.npmjs.org/@nodelib%2ffs.stat set size:undefined disposed:false
480 silly fetch manifest lines-and-columns@^1.1.6
481 silly packumentCache full:https://registry.npmjs.org/lines-and-columns cache-miss
482 http fetch GET 200 https://registry.npmjs.org/fsevents 518ms (cache miss)
483 silly packumentCache full:https://registry.npmjs.org/fsevents set size:undefined disposed:false
484 silly fetch manifest mz@^2.7.0
485 silly packumentCache full:https://registry.npmjs.org/mz cache-miss
486 http fetch GET 200 https://registry.npmjs.org/util-deprecate 244ms (cache miss)
487 silly packumentCache full:https://registry.npmjs.org/util-deprecate set size:undefined disposed:false
488 silly fetch manifest pirates@^4.0.1
489 silly packumentCache full:https://registry.npmjs.org/pirates cache-miss
490 http fetch GET 200 https://registry.npmjs.org/path-parse 246ms (cache miss)
491 silly packumentCache full:https://registry.npmjs.org/path-parse set size:undefined disposed:false
492 silly fetch manifest tinyglobby@^0.2.11
493 silly packumentCache full:https://registry.npmjs.org/tinyglobby cache-miss
494 http fetch GET 200 https://registry.npmjs.org/supports-preserve-symlinks-flag 243ms (cache miss)
495 silly packumentCache full:https://registry.npmjs.org/supports-preserve-symlinks-flag set size:undefined disposed:false
496 silly fetch manifest ts-interface-checker@^0.1.9
497 silly packumentCache full:https://registry.npmjs.org/ts-interface-checker cache-miss
498 http fetch GET 200 https://registry.npmjs.org/read-cache 292ms (cache miss)
499 silly packumentCache full:https://registry.npmjs.org/read-cache set size:undefined disposed:false
500 http fetch GET 200 https://registry.npmjs.org/cssesc 299ms (cache miss)
501 silly packumentCache full:https://registry.npmjs.org/cssesc set size:undefined disposed:false
502 http fetch GET 200 https://registry.npmjs.org/is-core-module 339ms (cache miss)
503 silly packumentCache full:https://registry.npmjs.org/is-core-module set size:undefined disposed:false
504 http fetch GET 200 https://registry.npmjs.org/@jridgewell%2fgen-mapping 352ms (cache miss)
505 silly packumentCache full:https://registry.npmjs.org/@jridgewell%2fgen-mapping set size:undefined disposed:false
506 http fetch GET 200 https://registry.npmjs.org/camelcase-css 393ms (cache miss)
507 silly packumentCache full:https://registry.npmjs.org/camelcase-css set size:undefined disposed:false
508 http fetch GET 200 https://registry.npmjs.org/lines-and-columns 345ms (cache miss)
509 silly packumentCache full:https://registry.npmjs.org/lines-and-columns set size:undefined disposed:false
510 http fetch GET 200 https://registry.npmjs.org/commander 451ms (cache miss)
511 silly packumentCache full:https://registry.npmjs.org/commander set size:undefined disposed:false
512 http fetch GET 200 https://registry.npmjs.org/mz 352ms (cache miss)
513 silly packumentCache full:https://registry.npmjs.org/mz set size:undefined disposed:false
514 http fetch GET 200 https://registry.npmjs.org/tinyglobby 293ms (cache miss)
515 silly packumentCache full:https://registry.npmjs.org/tinyglobby set size:undefined disposed:false
516 http fetch GET 200 https://registry.npmjs.org/pirates 357ms (cache miss)
517 silly packumentCache full:https://registry.npmjs.org/pirates set size:undefined disposed:false
518 http fetch GET 200 https://registry.npmjs.org/ts-interface-checker 376ms (cache miss)
519 silly packumentCache full:https://registry.npmjs.org/ts-interface-checker set size:undefined disposed:false
520 silly placeDep ROOT anymatch@3.1.3 OK for: chokidar@3.6.0 want: ~3.1.2
521 silly placeDep ROOT braces@3.0.3 OK for: chokidar@3.6.0 want: ~3.0.2
522 silly placeDep ROOT fsevents@2.3.3 OK for: chokidar@3.6.0 want: ~2.3.2
523 silly placeDep node_modules/chokidar glob-parent@5.1.2 OK for: chokidar@3.6.0 want: ~5.1.2
524 silly placeDep ROOT is-binary-path@2.1.0 OK for: chokidar@3.6.0 want: ~2.1.0
525 silly placeDep ROOT readdirp@3.6.0 OK for: chokidar@3.6.0 want: ~3.6.0
526 silly fetch manifest picomatch@^2.0.4
527 silly packumentCache full:https://registry.npmjs.org/picomatch cache-miss
528 silly fetch manifest fill-range@^7.1.1
529 silly packumentCache full:https://registry.npmjs.org/fill-range cache-miss
530 silly fetch manifest binary-extensions@^2.0.0
531 silly packumentCache full:https://registry.npmjs.org/binary-extensions cache-miss
532 silly fetch manifest picomatch@^2.2.1
533 silly packumentCache full:https://registry.npmjs.org/picomatch cache-miss
534 http fetch GET 200 https://registry.npmjs.org/picomatch 5ms (cache hit)
535 silly packumentCache full:https://registry.npmjs.org/picomatch set size:118818 disposed:false
536 http fetch GET 200 https://registry.npmjs.org/picomatch 8ms (cache hit)
537 silly packumentCache full:https://registry.npmjs.org/picomatch set size:118818 disposed:false
538 silly packumentCache full:https://registry.npmjs.org/picomatch dispose
539 http fetch GET 200 https://registry.npmjs.org/binary-extensions 350ms (cache miss)
540 silly packumentCache full:https://registry.npmjs.org/binary-extensions set size:undefined disposed:false
541 http fetch GET 200 https://registry.npmjs.org/fill-range 352ms (cache miss)
542 silly packumentCache full:https://registry.npmjs.org/fill-range set size:undefined disposed:false
543 silly placeDep ROOT picomatch@2.3.1 OK for: anymatch@3.1.3 want: ^2.0.4
544 silly placeDep ROOT fill-range@7.1.1 OK for: braces@3.0.3 want: ^7.1.1
545 silly fetch manifest to-regex-range@^5.0.1
546 silly packumentCache full:https://registry.npmjs.org/to-regex-range cache-miss
547 http fetch GET 200 https://registry.npmjs.org/to-regex-range 781ms (cache miss)
548 silly packumentCache full:https://registry.npmjs.org/to-regex-range set size:undefined disposed:false
549 silly placeDep ROOT @nodelib/fs.stat@2.0.5 OK for: fast-glob@3.3.3 want: ^2.0.2
550 silly placeDep ROOT @nodelib/fs.walk@1.2.8 OK for: fast-glob@3.3.3 want: ^1.2.3
551 silly placeDep node_modules/fast-glob glob-parent@5.1.2 OK for: fast-glob@3.3.3 want: ^5.1.2
552 silly placeDep ROOT merge2@1.4.1 OK for: fast-glob@3.3.3 want: ^1.3.0
553 silly fetch manifest fastq@^1.6.0
554 silly packumentCache full:https://registry.npmjs.org/fastq cache-miss
555 silly fetch manifest @nodelib/fs.scandir@2.1.5
556 silly packumentCache full:https://registry.npmjs.org/@nodelib%2ffs.scandir cache-miss
557 http fetch GET 200 https://registry.npmjs.org/fastq 451ms (cache miss)
558 silly packumentCache full:https://registry.npmjs.org/fastq set size:undefined disposed:false
559 http fetch GET 200 https://registry.npmjs.org/@nodelib%2ffs.scandir 466ms (cache miss)
560 silly packumentCache full:https://registry.npmjs.org/@nodelib%2ffs.scandir set size:undefined disposed:false
561 silly placeDep ROOT @nodelib/fs.scandir@2.1.5 OK for: @nodelib/fs.walk@1.2.8 want: 2.1.5
562 silly placeDep ROOT fastq@1.20.1 OK for: @nodelib/fs.walk@1.2.8 want: ^1.6.0
563 silly fetch manifest run-parallel@^1.1.9
564 silly packumentCache full:https://registry.npmjs.org/run-parallel cache-miss
565 silly fetch manifest reusify@^1.0.4
566 silly packumentCache full:https://registry.npmjs.org/reusify cache-miss
567 http fetch GET 200 https://registry.npmjs.org/reusify 1332ms (cache miss)
568 silly packumentCache full:https://registry.npmjs.org/reusify set size:undefined disposed:false
569 http fetch GET 200 https://registry.npmjs.org/run-parallel 1596ms (cache miss)
570 silly packumentCache full:https://registry.npmjs.org/run-parallel set size:undefined disposed:false
571 silly placeDep ROOT run-parallel@1.2.0 OK for: @nodelib/fs.scandir@2.1.5 want: ^1.1.9
572 silly fetch manifest queue-microtask@^1.2.2
573 silly packumentCache full:https://registry.npmjs.org/queue-microtask cache-miss
574 http fetch GET 200 https://registry.npmjs.org/queue-microtask 395ms (cache miss)
575 silly packumentCache full:https://registry.npmjs.org/queue-microtask set size:undefined disposed:false
576 silly placeDep ROOT reusify@1.1.0 OK for: fastq@1.20.1 want: ^1.0.4
577 silly placeDep ROOT to-regex-range@5.0.1 OK for: fill-range@7.1.1 want: ^5.0.1
578 silly fetch manifest is-number@^7.0.0
579 silly packumentCache full:https://registry.npmjs.org/is-number cache-miss
580 http fetch GET 200 https://registry.npmjs.org/is-number 318ms (cache miss)
581 silly packumentCache full:https://registry.npmjs.org/is-number set size:undefined disposed:false
582 silly placeDep ROOT binary-extensions@2.3.0 OK for: is-binary-path@2.1.0 want: ^2.0.0
583 silly placeDep ROOT is-extglob@2.1.1 OK for: is-glob@4.0.3 want: ^2.1.1
584 silly placeDep ROOT read-cache@1.0.0 OK for: postcss-import@15.1.0 want: ^1.0.0
585 silly fetch manifest pify@^2.3.0
586 silly packumentCache full:https://registry.npmjs.org/pify cache-miss
587 http fetch GET 200 https://registry.npmjs.org/pify 1119ms (cache miss)
588 silly packumentCache full:https://registry.npmjs.org/pify set size:undefined disposed:false
589 silly placeDep ROOT camelcase-css@2.0.1 OK for: postcss-js@4.1.0 want: ^2.0.1
590 silly placeDep ROOT cssesc@3.0.0 OK for: postcss-selector-parser@6.1.2 want: ^3.0.0
591 silly placeDep ROOT util-deprecate@1.0.2 OK for: postcss-selector-parser@6.1.2 want: ^1.0.2
592 silly placeDep ROOT pify@2.3.0 OK for: read-cache@1.0.0 want: ^2.3.0
593 silly placeDep ROOT is-core-module@2.16.1 OK for: resolve@1.22.11 want: ^2.16.1
594 silly placeDep ROOT path-parse@1.0.7 OK for: resolve@1.22.11 want: ^1.0.7
595 silly placeDep ROOT supports-preserve-symlinks-flag@1.0.0 OK for: resolve@1.22.11 want: ^1.0.0
596 silly fetch manifest hasown@^2.0.2
597 silly packumentCache full:https://registry.npmjs.org/hasown cache-miss
598 http fetch GET 200 https://registry.npmjs.org/hasown 313ms (cache miss)
599 silly packumentCache full:https://registry.npmjs.org/hasown set size:undefined disposed:false
600 silly placeDep ROOT hasown@2.0.2 OK for: is-core-module@2.16.1 want: ^2.0.2
601 silly fetch manifest function-bind@^1.1.2
602 silly packumentCache full:https://registry.npmjs.org/function-bind cache-miss
603 http fetch GET 200 https://registry.npmjs.org/function-bind 286ms (cache miss)
604 silly packumentCache full:https://registry.npmjs.org/function-bind set size:undefined disposed:false
605 silly placeDep ROOT function-bind@1.1.2 OK for: hasown@2.0.2 want: ^1.1.2
606 silly placeDep ROOT queue-microtask@1.2.3 OK for: run-parallel@1.2.0 want: ^1.2.2
607 silly placeDep ROOT @jridgewell/gen-mapping@0.3.13 OK for: sucrase@3.35.1 want: ^0.3.2
608 silly placeDep ROOT commander@4.1.1 OK for: sucrase@3.35.1 want: ^4.0.0
609 silly placeDep ROOT lines-and-columns@1.2.4 OK for: sucrase@3.35.1 want: ^1.1.6
610 silly placeDep ROOT mz@2.7.0 OK for: sucrase@3.35.1 want: ^2.7.0
611 silly placeDep ROOT pirates@4.0.7 OK for: sucrase@3.35.1 want: ^4.0.1
612 silly placeDep ROOT tinyglobby@0.2.15 OK for: sucrase@3.35.1 want: ^0.2.11
613 silly placeDep ROOT ts-interface-checker@0.1.13 OK for: sucrase@3.35.1 want: ^0.1.9
614 silly fetch manifest @jridgewell/sourcemap-codec@^1.5.0
615 silly packumentCache full:https://registry.npmjs.org/@jridgewell%2fsourcemap-codec cache-miss
616 silly fetch manifest @jridgewell/trace-mapping@^0.3.24
617 silly packumentCache full:https://registry.npmjs.org/@jridgewell%2ftrace-mapping cache-miss
618 silly fetch manifest any-promise@^1.0.0
619 silly packumentCache full:https://registry.npmjs.org/any-promise cache-miss
620 silly fetch manifest object-assign@^4.0.1
621 silly packumentCache full:https://registry.npmjs.org/object-assign cache-miss
622 silly fetch manifest thenify-all@^1.0.0
623 silly packumentCache full:https://registry.npmjs.org/thenify-all cache-miss
624 silly fetch manifest fdir@^6.5.0
625 silly packumentCache full:https://registry.npmjs.org/fdir cache-miss
626 silly fetch manifest picomatch@^4.0.3
627 silly packumentCache full:https://registry.npmjs.org/picomatch cache-hit
628 http fetch GET 200 https://registry.npmjs.org/object-assign 276ms (cache miss)
629 silly packumentCache full:https://registry.npmjs.org/object-assign set size:undefined disposed:false
630 http fetch GET 200 https://registry.npmjs.org/any-promise 306ms (cache miss)
631 silly packumentCache full:https://registry.npmjs.org/any-promise set size:undefined disposed:false
632 http fetch GET 200 https://registry.npmjs.org/@jridgewell%2fsourcemap-codec 308ms (cache miss)
633 silly packumentCache full:https://registry.npmjs.org/@jridgewell%2fsourcemap-codec set size:undefined disposed:false
634 http fetch GET 200 https://registry.npmjs.org/thenify-all 319ms (cache miss)
635 silly packumentCache full:https://registry.npmjs.org/thenify-all set size:undefined disposed:false
636 http fetch GET 200 https://registry.npmjs.org/@jridgewell%2ftrace-mapping 341ms (cache miss)
637 silly packumentCache full:https://registry.npmjs.org/@jridgewell%2ftrace-mapping set size:undefined disposed:false
638 http fetch GET 200 https://registry.npmjs.org/fdir 4122ms (cache miss)
639 silly packumentCache full:https://registry.npmjs.org/fdir set size:undefined disposed:false
640 silly placeDep ROOT @jridgewell/sourcemap-codec@1.5.5 OK for: @jridgewell/gen-mapping@0.3.13 want: ^1.5.0
641 silly placeDep ROOT @jridgewell/trace-mapping@0.3.31 OK for: @jridgewell/gen-mapping@0.3.13 want: ^0.3.24
642 silly fetch manifest @jridgewell/resolve-uri@^3.1.0
643 silly packumentCache full:https://registry.npmjs.org/@jridgewell%2fresolve-uri cache-miss
644 http fetch GET 200 https://registry.npmjs.org/@jridgewell%2fresolve-uri 359ms (cache miss)
645 silly packumentCache full:https://registry.npmjs.org/@jridgewell%2fresolve-uri set size:undefined disposed:false
646 silly placeDep ROOT @jridgewell/resolve-uri@3.1.2 OK for: @jridgewell/trace-mapping@0.3.31 want: ^3.1.0
647 silly placeDep ROOT any-promise@1.3.0 OK for: mz@2.7.0 want: ^1.0.0
648 silly placeDep ROOT object-assign@4.1.1 OK for: mz@2.7.0 want: ^4.0.1
649 silly placeDep ROOT thenify-all@1.6.0 OK for: mz@2.7.0 want: ^1.0.0
650 silly fetch manifest thenify@>= 3.1.0 < 4
651 silly packumentCache full:https://registry.npmjs.org/thenify cache-miss
652 http fetch GET 200 https://registry.npmjs.org/thenify 333ms (cache miss)
653 silly packumentCache full:https://registry.npmjs.org/thenify set size:undefined disposed:false
654 silly placeDep ROOT thenify@3.3.1 OK for: thenify-all@1.6.0 want: >= 3.1.0 < 4
655 silly placeDep node_modules/tinyglobby fdir@6.5.0 OK for: tinyglobby@0.2.15 want: ^6.5.0
656 silly placeDep node_modules/tinyglobby picomatch@4.0.3 OK for: fdir@6.5.0 want: ^3 || ^4
657 silly placeDep ROOT is-number@7.0.0 OK for: to-regex-range@5.0.1 want: ^7.0.0
658 silly placeDep ROOT escalade@3.2.0 OK for: update-browserslist-db@1.2.3 want: ^3.2.0
659 silly reify moves {}
660 silly audit bulk request {
660 silly audit   '@types/node': [ '20.19.28' ],
660 silly audit   '@types/react': [ '18.3.27' ],
660 silly audit   '@types/react-dom': [ '18.3.7' ],
660 silly audit   autoprefixer: [ '10.4.23' ],
660 silly audit   postcss: [ '8.5.6', '8.4.31' ],
660 silly audit   next: [ '14.2.35' ],
660 silly audit   react: [ '18.3.1' ],
660 silly audit   'react-dom': [ '18.3.1' ],
660 silly audit   tailwindcss: [ '3.4.19' ],
660 silly audit   typescript: [ '5.9.3' ],
660 silly audit   'undici-types': [ '6.21.0' ],
660 silly audit   '@types/prop-types': [ '15.7.15' ],
660 silly audit   csstype: [ '3.2.3' ],
660 silly audit   browserslist: [ '4.28.1' ],
660 silly audit   'caniuse-lite': [ '1.0.30001764' ],
660 silly audit   'fraction.js': [ '5.3.4' ],
660 silly audit   picocolors: [ '1.1.1' ],
660 silly audit   'postcss-value-parser': [ '4.2.0' ],
660 silly audit   'baseline-browser-mapping': [ '2.9.14' ],
660 silly audit   'electron-to-chromium': [ '1.5.267' ],
660 silly audit   'node-releases': [ '2.0.27' ],
660 silly audit   'update-browserslist-db': [ '1.2.3' ],
660 silly audit   '@next/env': [ '14.2.35' ],
660 silly audit   '@next/swc-darwin-arm64': [ '14.2.33' ],
660 silly audit   '@next/swc-darwin-x64': [ '14.2.33' ],
660 silly audit   '@next/swc-linux-arm64-gnu': [ '14.2.33' ],
660 silly audit   '@next/swc-linux-arm64-musl': [ '14.2.33' ],
660 silly audit   '@next/swc-linux-x64-gnu': [ '14.2.33' ],
660 silly audit   '@next/swc-linux-x64-musl': [ '14.2.33' ],
660 silly audit   '@next/swc-win32-arm64-msvc': [ '14.2.33' ],
660 silly audit   '@next/swc-win32-ia32-msvc': [ '14.2.33' ],
660 silly audit   '@next/swc-win32-x64-msvc': [ '14.2.33' ],
660 silly audit   '@swc/helpers': [ '0.5.5' ],
660 silly audit   busboy: [ '1.6.0' ],
660 silly audit   'graceful-fs': [ '4.2.11' ],
660 silly audit   'styled-jsx': [ '5.1.1' ],
660 silly audit   '@swc/counter': [ '0.1.3' ],
660 silly audit   tslib: [ '2.8.1' ],
660 silly audit   streamsearch: [ '1.1.0' ],
660 silly audit   nanoid: [ '3.3.11' ],
660 silly audit   'source-map-js': [ '1.2.1' ],
660 silly audit   'loose-envify': [ '1.4.0' ],
660 silly audit   'js-tokens': [ '4.0.0' ],
660 silly audit   scheduler: [ '0.23.2' ],
660 silly audit   'client-only': [ '0.0.1' ],
660 silly audit   '@alloc/quick-lru': [ '5.2.0' ],
660 silly audit   arg: [ '5.0.2' ],
660 silly audit   chokidar: [ '3.6.0' ],
660 silly audit   didyoumean: [ '1.2.2' ],
660 silly audit   dlv: [ '1.1.3' ],
660 silly audit   'fast-glob': [ '3.3.3' ],
660 silly audit   'glob-parent': [ '6.0.2', '5.1.2' ],
660 silly audit   'is-glob': [ '4.0.3' ],
660 silly audit   jiti: [ '1.21.7' ],
660 silly audit   lilconfig: [ '3.1.3' ],
660 silly audit   micromatch: [ '4.0.8' ],
660 silly audit   'normalize-path': [ '3.0.0' ],
660 silly audit   'object-hash': [ '3.0.0' ],
660 silly audit   'postcss-import': [ '15.1.0' ],
660 silly audit   'postcss-js': [ '4.1.0' ],
660 silly audit   'postcss-load-config': [ '6.0.1' ],
660 silly audit   'postcss-nested': [ '6.2.0' ],
660 silly audit   'postcss-selector-parser': [ '6.1.2' ],
660 silly audit   resolve: [ '1.22.11' ],
660 silly audit   sucrase: [ '3.35.1' ],
660 silly audit   anymatch: [ '3.1.3' ],
660 silly audit   braces: [ '3.0.3' ],
660 silly audit   fsevents: [ '2.3.3' ],
660 silly audit   'is-binary-path': [ '2.1.0' ],
660 silly audit   readdirp: [ '3.6.0' ],
660 silly audit   picomatch: [ '2.3.1', '4.0.3' ],
660 silly audit   'fill-range': [ '7.1.1' ],
660 silly audit   '@nodelib/fs.stat': [ '2.0.5' ],
660 silly audit   '@nodelib/fs.walk': [ '1.2.8' ],
660 silly audit   merge2: [ '1.4.1' ],
660 silly audit   '@nodelib/fs.scandir': [ '2.1.5' ],
660 silly audit   fastq: [ '1.20.1' ],
660 silly audit   'run-parallel': [ '1.2.0' ],
660 silly audit   reusify: [ '1.1.0' ],
660 silly audit   'to-regex-range': [ '5.0.1' ],
660 silly audit   'binary-extensions': [ '2.3.0' ],
660 silly audit   'is-extglob': [ '2.1.1' ],
660 silly audit   'read-cache': [ '1.0.0' ],
660 silly audit   'camelcase-css': [ '2.0.1' ],
660 silly audit   cssesc: [ '3.0.0' ],
660 silly audit   'util-deprecate': [ '1.0.2' ],
660 silly audit   pify: [ '2.3.0' ],
660 silly audit   'is-core-module': [ '2.16.1' ],
660 silly audit   'path-parse': [ '1.0.7' ],
660 silly audit   'supports-preserve-symlinks-flag': [ '1.0.0' ],
660 silly audit   hasown: [ '2.0.2' ],
660 silly audit   'function-bind': [ '1.1.2' ],
660 silly audit   'queue-microtask': [ '1.2.3' ],
660 silly audit   '@jridgewell/gen-mapping': [ '0.3.13' ],
660 silly audit   commander: [ '4.1.1' ],
660 silly audit   'lines-and-columns': [ '1.2.4' ],
660 silly audit   mz: [ '2.7.0' ],
660 silly audit   pirates: [ '4.0.7' ],
660 silly audit   tinyglobby: [ '0.2.15' ],
660 silly audit   'ts-interface-checker': [ '0.1.13' ],
660 silly audit   '@jridgewell/sourcemap-codec': [ '1.5.5' ],
660 silly audit   '@jridgewell/trace-mapping': [ '0.3.31' ],
660 silly audit   '@jridgewell/resolve-uri': [ '3.1.2' ],
660 silly audit   'any-promise': [ '1.3.0' ],
660 silly audit   'object-assign': [ '4.1.1' ],
660 silly audit   'thenify-all': [ '1.6.0' ],
660 silly audit   thenify: [ '3.3.1' ],
660 silly audit   fdir: [ '6.5.0' ],
660 silly audit   'is-number': [ '7.0.0' ],
660 silly audit   escalade: [ '3.2.0' ]
660 silly audit }
661 verbose reify failed optional dependency /Users/deonkenzie/Desktop/Mould Busters/node_modules/@next/swc-win32-x64-msvc
662 silly reify mark deleted [
662 silly reify   '/Users/deonkenzie/Desktop/Mould Busters/node_modules/@next/swc-win32-x64-msvc'
662 silly reify ]
663 verbose reify failed optional dependency /Users/deonkenzie/Desktop/Mould Busters/node_modules/@next/swc-win32-ia32-msvc
664 silly reify mark deleted [
664 silly reify   '/Users/deonkenzie/Desktop/Mould Busters/node_modules/@next/swc-win32-ia32-msvc'
664 silly reify ]
665 verbose reify failed optional dependency /Users/deonkenzie/Desktop/Mould Busters/node_modules/@next/swc-win32-arm64-msvc
666 silly reify mark deleted [
666 silly reify   '/Users/deonkenzie/Desktop/Mould Busters/node_modules/@next/swc-win32-arm64-msvc'
666 silly reify ]
667 verbose reify failed optional dependency /Users/deonkenzie/Desktop/Mould Busters/node_modules/@next/swc-linux-x64-musl
668 silly reify mark deleted [
668 silly reify   '/Users/deonkenzie/Desktop/Mould Busters/node_modules/@next/swc-linux-x64-musl'
668 silly reify ]
669 verbose reify failed optional dependency /Users/deonkenzie/Desktop/Mould Busters/node_modules/@next/swc-linux-x64-gnu
670 silly reify mark deleted [
670 silly reify   '/Users/deonkenzie/Desktop/Mould Busters/node_modules/@next/swc-linux-x64-gnu'
670 silly reify ]
671 verbose reify failed optional dependency /Users/deonkenzie/Desktop/Mould Busters/node_modules/@next/swc-linux-arm64-musl
672 silly reify mark deleted [
672 silly reify   '/Users/deonkenzie/Desktop/Mould Busters/node_modules/@next/swc-linux-arm64-musl'
672 silly reify ]
673 verbose reify failed optional dependency /Users/deonkenzie/Desktop/Mould Busters/node_modules/@next/swc-linux-arm64-gnu
674 silly reify mark deleted [
674 silly reify   '/Users/deonkenzie/Desktop/Mould Busters/node_modules/@next/swc-linux-arm64-gnu'
674 silly reify ]
675 verbose reify failed optional dependency /Users/deonkenzie/Desktop/Mould Busters/node_modules/@next/swc-darwin-x64
676 silly reify mark deleted [
676 silly reify   '/Users/deonkenzie/Desktop/Mould Busters/node_modules/@next/swc-darwin-x64'
676 silly reify ]
677 silly tarball no local data for thenify@https://registry.npmjs.org/thenify/-/thenify-3.3.1.tgz. Extracting by manifest.
678 silly tarball no local data for escalade@https://registry.npmjs.org/escalade/-/escalade-3.2.0.tgz. Extracting by manifest.
679 silly tarball no local data for is-number@https://registry.npmjs.org/is-number/-/is-number-7.0.0.tgz. Extracting by manifest.
680 silly tarball no local data for thenify-all@https://registry.npmjs.org/thenify-all/-/thenify-all-1.6.0.tgz. Extracting by manifest.
681 silly tarball no local data for object-assign@https://registry.npmjs.org/object-assign/-/object-assign-4.1.1.tgz. Extracting by manifest.
682 silly tarball no local data for @jridgewell/resolve-uri@https://registry.npmjs.org/@jridgewell/resolve-uri/-/resolve-uri-3.1.2.tgz. Extracting by manifest.
683 silly tarball no local data for any-promise@https://registry.npmjs.org/any-promise/-/any-promise-1.3.0.tgz. Extracting by manifest.
684 silly tarball no local data for tinyglobby@https://registry.npmjs.org/tinyglobby/-/tinyglobby-0.2.15.tgz. Extracting by manifest.
685 silly tarball no local data for ts-interface-checker@https://registry.npmjs.org/ts-interface-checker/-/ts-interface-checker-0.1.13.tgz. Extracting by manifest.
686 silly tarball no local data for @jridgewell/sourcemap-codec@https://registry.npmjs.org/@jridgewell/sourcemap-codec/-/sourcemap-codec-1.5.5.tgz. Extracting by manifest.
687 silly tarball no local data for pirates@https://registry.npmjs.org/pirates/-/pirates-4.0.7.tgz. Extracting by manifest.
688 silly tarball no local data for mz@https://registry.npmjs.org/mz/-/mz-2.7.0.tgz. Extracting by manifest.
689 silly tarball no local data for @jridgewell/gen-mapping@https://registry.npmjs.org/@jridgewell/gen-mapping/-/gen-mapping-0.3.13.tgz. Extracting by manifest.
690 silly tarball no local data for @jridgewell/trace-mapping@https://registry.npmjs.org/@jridgewell/trace-mapping/-/trace-mapping-0.3.31.tgz. Extracting by manifest.
691 silly tarball no local data for queue-microtask@https://registry.npmjs.org/queue-microtask/-/queue-microtask-1.2.3.tgz. Extracting by manifest.
692 silly tarball no local data for function-bind@https://registry.npmjs.org/function-bind/-/function-bind-1.1.2.tgz. Extracting by manifest.
693 silly tarball no local data for lines-and-columns@https://registry.npmjs.org/lines-and-columns/-/lines-and-columns-1.2.4.tgz. Extracting by manifest.
694 silly tarball no local data for hasown@https://registry.npmjs.org/hasown/-/hasown-2.0.2.tgz. Extracting by manifest.
695 silly tarball no local data for commander@https://registry.npmjs.org/commander/-/commander-4.1.1.tgz. Extracting by manifest.
696 silly tarball no local data for supports-preserve-symlinks-flag@https://registry.npmjs.org/supports-preserve-symlinks-flag/-/supports-preserve-symlinks-flag-1.0.0.tgz. Extracting by manifest.
697 silly tarball no local data for pify@https://registry.npmjs.org/pify/-/pify-2.3.0.tgz. Extracting by manifest.
698 silly tarball no local data for path-parse@https://registry.npmjs.org/path-parse/-/path-parse-1.0.7.tgz. Extracting by manifest.
699 silly tarball no local data for is-core-module@https://registry.npmjs.org/is-core-module/-/is-core-module-2.16.1.tgz. Extracting by manifest.
700 silly tarball no local data for cssesc@https://registry.npmjs.org/cssesc/-/cssesc-3.0.0.tgz. Extracting by manifest.
701 silly tarball no local data for read-cache@https://registry.npmjs.org/read-cache/-/read-cache-1.0.0.tgz. Extracting by manifest.
702 silly tarball no local data for binary-extensions@https://registry.npmjs.org/binary-extensions/-/binary-extensions-2.3.0.tgz. Extracting by manifest.
703 silly tarball no local data for util-deprecate@https://registry.npmjs.org/util-deprecate/-/util-deprecate-1.0.2.tgz. Extracting by manifest.
704 silly tarball no local data for to-regex-range@https://registry.npmjs.org/to-regex-range/-/to-regex-range-5.0.1.tgz. Extracting by manifest.
705 silly tarball no local data for camelcase-css@https://registry.npmjs.org/camelcase-css/-/camelcase-css-2.0.1.tgz. Extracting by manifest.
706 silly tarball no local data for reusify@https://registry.npmjs.org/reusify/-/reusify-1.1.0.tgz. Extracting by manifest.
707 silly tarball no local data for run-parallel@https://registry.npmjs.org/run-parallel/-/run-parallel-1.2.0.tgz. Extracting by manifest.
708 silly tarball no local data for is-extglob@https://registry.npmjs.org/is-extglob/-/is-extglob-2.1.1.tgz. Extracting by manifest.
709 silly tarball no local data for fastq@https://registry.npmjs.org/fastq/-/fastq-1.20.1.tgz. Extracting by manifest.
710 silly tarball no local data for merge2@https://registry.npmjs.org/merge2/-/merge2-1.4.1.tgz. Extracting by manifest.
711 silly tarball no local data for @nodelib/fs.walk@https://registry.npmjs.org/@nodelib/fs.walk/-/fs.walk-1.2.8.tgz. Extracting by manifest.
712 silly tarball no local data for @nodelib/fs.scandir@https://registry.npmjs.org/@nodelib/fs.scandir/-/fs.scandir-2.1.5.tgz. Extracting by manifest.
713 silly tarball no local data for readdirp@https://registry.npmjs.org/readdirp/-/readdirp-3.6.0.tgz. Extracting by manifest.
714 silly tarball no local data for picomatch@https://registry.npmjs.org/picomatch/-/picomatch-2.3.1.tgz. Extracting by manifest.
715 silly tarball no local data for @nodelib/fs.stat@https://registry.npmjs.org/@nodelib/fs.stat/-/fs.stat-2.0.5.tgz. Extracting by manifest.
716 silly tarball no local data for fsevents@https://registry.npmjs.org/fsevents/-/fsevents-2.3.3.tgz. Extracting by manifest.
717 silly tarball no local data for is-binary-path@https://registry.npmjs.org/is-binary-path/-/is-binary-path-2.1.0.tgz. Extracting by manifest.
718 silly tarball no local data for fill-range@https://registry.npmjs.org/fill-range/-/fill-range-7.1.1.tgz. Extracting by manifest.
719 silly tarball no local data for braces@https://registry.npmjs.org/braces/-/braces-3.0.3.tgz. Extracting by manifest.
720 silly tarball no local data for anymatch@https://registry.npmjs.org/anymatch/-/anymatch-3.1.3.tgz. Extracting by manifest.
721 silly tarball no local data for postcss-nested@https://registry.npmjs.org/postcss-nested/-/postcss-nested-6.2.0.tgz. Extracting by manifest.
722 silly tarball no local data for resolve@https://registry.npmjs.org/resolve/-/resolve-1.22.11.tgz. Extracting by manifest.
723 silly tarball no local data for sucrase@https://registry.npmjs.org/sucrase/-/sucrase-3.35.1.tgz. Extracting by manifest.
724 silly tarball no local data for postcss-js@https://registry.npmjs.org/postcss-js/-/postcss-js-4.1.0.tgz. Extracting by manifest.
725 silly tarball no local data for postcss-import@https://registry.npmjs.org/postcss-import/-/postcss-import-15.1.0.tgz. Extracting by manifest.
726 silly tarball no local data for postcss-load-config@https://registry.npmjs.org/postcss-load-config/-/postcss-load-config-6.0.1.tgz. Extracting by manifest.
727 silly tarball no local data for object-hash@https://registry.npmjs.org/object-hash/-/object-hash-3.0.0.tgz. Extracting by manifest.
728 silly tarball no local data for normalize-path@https://registry.npmjs.org/normalize-path/-/normalize-path-3.0.0.tgz. Extracting by manifest.
729 silly tarball no local data for micromatch@https://registry.npmjs.org/micromatch/-/micromatch-4.0.8.tgz. Extracting by manifest.
730 silly tarball no local data for jiti@https://registry.npmjs.org/jiti/-/jiti-1.21.7.tgz. Extracting by manifest.
731 silly tarball no local data for is-glob@https://registry.npmjs.org/is-glob/-/is-glob-4.0.3.tgz. Extracting by manifest.
732 silly tarball no local data for lilconfig@https://registry.npmjs.org/lilconfig/-/lilconfig-3.1.3.tgz. Extracting by manifest.
733 silly tarball no local data for dlv@https://registry.npmjs.org/dlv/-/dlv-1.1.3.tgz. Extracting by manifest.
734 silly tarball no local data for fast-glob@https://registry.npmjs.org/fast-glob/-/fast-glob-3.3.3.tgz. Extracting by manifest.
735 silly tarball no local data for glob-parent@https://registry.npmjs.org/glob-parent/-/glob-parent-6.0.2.tgz. Extracting by manifest.
736 silly tarball no local data for didyoumean@https://registry.npmjs.org/didyoumean/-/didyoumean-1.2.2.tgz. Extracting by manifest.
737 silly tarball no local data for chokidar@https://registry.npmjs.org/chokidar/-/chokidar-3.6.0.tgz. Extracting by manifest.
738 silly tarball no local data for arg@https://registry.npmjs.org/arg/-/arg-5.0.2.tgz. Extracting by manifest.
739 silly tarball no local data for @alloc/quick-lru@https://registry.npmjs.org/@alloc/quick-lru/-/quick-lru-5.2.0.tgz. Extracting by manifest.
740 silly tarball no local data for client-only@https://registry.npmjs.org/client-only/-/client-only-0.0.1.tgz. Extracting by manifest.
741 silly tarball no local data for scheduler@https://registry.npmjs.org/scheduler/-/scheduler-0.23.2.tgz. Extracting by manifest.
742 silly tarball no local data for js-tokens@https://registry.npmjs.org/js-tokens/-/js-tokens-4.0.0.tgz. Extracting by manifest.
743 silly tarball no local data for loose-envify@https://registry.npmjs.org/loose-envify/-/loose-envify-1.4.0.tgz. Extracting by manifest.
744 silly tarball no local data for postcss-selector-parser@https://registry.npmjs.org/postcss-selector-parser/-/postcss-selector-parser-6.1.2.tgz. Extracting by manifest.
745 silly tarball no local data for source-map-js@https://registry.npmjs.org/source-map-js/-/source-map-js-1.2.1.tgz. Extracting by manifest.
746 silly tarball no local data for nanoid@https://registry.npmjs.org/nanoid/-/nanoid-3.3.11.tgz. Extracting by manifest.
747 silly tarball no local data for streamsearch@https://registry.npmjs.org/streamsearch/-/streamsearch-1.1.0.tgz. Extracting by manifest.
748 silly tarball no local data for styled-jsx@https://registry.npmjs.org/styled-jsx/-/styled-jsx-5.1.1.tgz. Extracting by manifest.
749 silly tarball no local data for tslib@https://registry.npmjs.org/tslib/-/tslib-2.8.1.tgz. Extracting by manifest.
750 silly tarball no local data for @swc/counter@https://registry.npmjs.org/@swc/counter/-/counter-0.1.3.tgz. Extracting by manifest.
751 silly tarball no local data for busboy@https://registry.npmjs.org/busboy/-/busboy-1.6.0.tgz. Extracting by manifest.
752 silly tarball no local data for @next/swc-darwin-arm64@https://registry.npmjs.org/@next/swc-darwin-arm64/-/swc-darwin-arm64-14.2.33.tgz. Extracting by manifest.
753 silly tarball no local data for @swc/helpers@https://registry.npmjs.org/@swc/helpers/-/helpers-0.5.5.tgz. Extracting by manifest.
754 silly tarball no local data for graceful-fs@https://registry.npmjs.org/graceful-fs/-/graceful-fs-4.2.11.tgz. Extracting by manifest.
755 silly tarball no local data for @next/env@https://registry.npmjs.org/@next/env/-/env-14.2.35.tgz. Extracting by manifest.
756 silly tarball no local data for node-releases@https://registry.npmjs.org/node-releases/-/node-releases-2.0.27.tgz. Extracting by manifest.
757 silly tarball no local data for electron-to-chromium@https://registry.npmjs.org/electron-to-chromium/-/electron-to-chromium-1.5.267.tgz. Extracting by manifest.
758 silly tarball no local data for picocolors@https://registry.npmjs.org/picocolors/-/picocolors-1.1.1.tgz. Extracting by manifest.
759 silly tarball no local data for update-browserslist-db@https://registry.npmjs.org/update-browserslist-db/-/update-browserslist-db-1.2.3.tgz. Extracting by manifest.
760 silly tarball no local data for fraction.js@https://registry.npmjs.org/fraction.js/-/fraction.js-5.3.4.tgz. Extracting by manifest.
761 silly tarball no local data for baseline-browser-mapping@https://registry.npmjs.org/baseline-browser-mapping/-/baseline-browser-mapping-2.9.14.tgz. Extracting by manifest.
762 silly tarball no local data for csstype@https://registry.npmjs.org/csstype/-/csstype-3.2.3.tgz. Extracting by manifest.
763 silly tarball no local data for browserslist@https://registry.npmjs.org/browserslist/-/browserslist-4.28.1.tgz. Extracting by manifest.
764 silly tarball no local data for @types/prop-types@https://registry.npmjs.org/@types/prop-types/-/prop-types-15.7.15.tgz. Extracting by manifest.
765 silly tarball no local data for caniuse-lite@https://registry.npmjs.org/caniuse-lite/-/caniuse-lite-1.0.30001764.tgz. Extracting by manifest.
766 silly tarball no local data for undici-types@https://registry.npmjs.org/undici-types/-/undici-types-6.21.0.tgz. Extracting by manifest.
767 silly tarball no local data for typescript@https://registry.npmjs.org/typescript/-/typescript-5.9.3.tgz. Extracting by manifest.
768 silly tarball no local data for tailwindcss@https://registry.npmjs.org/tailwindcss/-/tailwindcss-3.4.19.tgz. Extracting by manifest.
769 silly tarball no local data for react-dom@https://registry.npmjs.org/react-dom/-/react-dom-18.3.1.tgz. Extracting by manifest.
770 silly tarball no local data for next@https://registry.npmjs.org/next/-/next-14.2.35.tgz. Extracting by manifest.
771 silly tarball no local data for postcss@https://registry.npmjs.org/postcss/-/postcss-8.5.6.tgz. Extracting by manifest.
772 silly tarball no local data for react@https://registry.npmjs.org/react/-/react-18.3.1.tgz. Extracting by manifest.
773 silly tarball no local data for postcss-value-parser@https://registry.npmjs.org/postcss-value-parser/-/postcss-value-parser-4.2.0.tgz. Extracting by manifest.
774 silly tarball no local data for @types/node@https://registry.npmjs.org/@types/node/-/node-20.19.28.tgz. Extracting by manifest.
775 silly tarball no local data for @types/react-dom@https://registry.npmjs.org/@types/react-dom/-/react-dom-18.3.7.tgz. Extracting by manifest.
776 silly tarball no local data for @types/react@https://registry.npmjs.org/@types/react/-/react-18.3.27.tgz. Extracting by manifest.
777 silly tarball no local data for autoprefixer@https://registry.npmjs.org/autoprefixer/-/autoprefixer-10.4.23.tgz. Extracting by manifest.
778 silly tarball no local data for glob-parent@https://registry.npmjs.org/glob-parent/-/glob-parent-5.1.2.tgz. Extracting by manifest.
779 silly tarball no local data for picomatch@https://registry.npmjs.org/picomatch/-/picomatch-4.0.3.tgz. Extracting by manifest.
780 silly tarball no local data for fdir@https://registry.npmjs.org/fdir/-/fdir-6.5.0.tgz. Extracting by manifest.
781 silly tarball no local data for glob-parent@https://registry.npmjs.org/glob-parent/-/glob-parent-5.1.2.tgz. Extracting by manifest.
782 silly tarball no local data for postcss@https://registry.npmjs.org/postcss/-/postcss-8.4.31.tgz. Extracting by manifest.
783 http fetch POST 200 https://registry.npmjs.org/-/npm/v1/security/advisories/bulk 367ms
784 silly audit report {}
785 http fetch GET 200 https://registry.npmjs.org/object-assign/-/object-assign-4.1.1.tgz 349ms (cache miss)
786 http fetch GET 200 https://registry.npmjs.org/thenify/-/thenify-3.3.1.tgz 350ms (cache miss)
787 http fetch GET 200 https://registry.npmjs.org/thenify-all/-/thenify-all-1.6.0.tgz 349ms (cache miss)
788 http fetch GET 200 https://registry.npmjs.org/escalade/-/escalade-3.2.0.tgz 351ms (cache miss)
789 http fetch GET 200 https://registry.npmjs.org/is-number/-/is-number-7.0.0.tgz 350ms (cache miss)
790 http fetch GET 200 https://registry.npmjs.org/any-promise/-/any-promise-1.3.0.tgz 349ms (cache miss)
791 http fetch GET 200 https://registry.npmjs.org/@jridgewell/resolve-uri/-/resolve-uri-3.1.2.tgz 350ms (cache miss)
792 http fetch GET 200 https://registry.npmjs.org/ts-interface-checker/-/ts-interface-checker-0.1.13.tgz 390ms (cache miss)
793 http fetch GET 200 https://registry.npmjs.org/@jridgewell/sourcemap-codec/-/sourcemap-codec-1.5.5.tgz 406ms (cache miss)
794 http fetch GET 200 https://registry.npmjs.org/lines-and-columns/-/lines-and-columns-1.2.4.tgz 606ms (cache miss)
795 http fetch GET 200 https://registry.npmjs.org/supports-preserve-symlinks-flag/-/supports-preserve-symlinks-flag-1.0.0.tgz 605ms (cache miss)
796 http fetch GET 200 https://registry.npmjs.org/hasown/-/hasown-2.0.2.tgz 607ms (cache miss)
797 http fetch GET 200 https://registry.npmjs.org/queue-microtask/-/queue-microtask-1.2.3.tgz 608ms (cache miss)
798 http fetch GET 200 https://registry.npmjs.org/path-parse/-/path-parse-1.0.7.tgz 606ms (cache miss)
799 http fetch GET 200 https://registry.npmjs.org/pify/-/pify-2.3.0.tgz 607ms (cache miss)
800 http fetch GET 200 https://registry.npmjs.org/commander/-/commander-4.1.1.tgz 607ms (cache miss)
801 http fetch GET 200 https://registry.npmjs.org/function-bind/-/function-bind-1.1.2.tgz 609ms (cache miss)
802 http fetch GET 200 https://registry.npmjs.org/is-core-module/-/is-core-module-2.16.1.tgz 667ms (cache miss)
803 http fetch GET 200 https://registry.npmjs.org/cssesc/-/cssesc-3.0.0.tgz 668ms (cache miss)
804 http fetch GET 200 https://registry.npmjs.org/tinyglobby/-/tinyglobby-0.2.15.tgz 732ms (cache miss)
805 http fetch GET 200 https://registry.npmjs.org/read-cache/-/read-cache-1.0.0.tgz 834ms (cache miss)
806 http fetch GET 200 https://registry.npmjs.org/binary-extensions/-/binary-extensions-2.3.0.tgz 837ms (cache miss)
807 http fetch GET 200 https://registry.npmjs.org/run-parallel/-/run-parallel-1.2.0.tgz 853ms (cache miss)
808 http fetch GET 200 https://registry.npmjs.org/util-deprecate/-/util-deprecate-1.0.2.tgz 856ms (cache miss)
809 http fetch GET 200 https://registry.npmjs.org/camelcase-css/-/camelcase-css-2.0.1.tgz 855ms (cache miss)
810 http fetch GET 200 https://registry.npmjs.org/is-extglob/-/is-extglob-2.1.1.tgz 852ms (cache miss)
811 http fetch GET 200 https://registry.npmjs.org/reusify/-/reusify-1.1.0.tgz 862ms (cache miss)
812 http fetch GET 200 https://registry.npmjs.org/to-regex-range/-/to-regex-range-5.0.1.tgz 865ms (cache miss)
813 http fetch GET 200 https://registry.npmjs.org/merge2/-/merge2-1.4.1.tgz 908ms (cache miss)
814 http fetch GET 200 https://registry.npmjs.org/fastq/-/fastq-1.20.1.tgz 921ms (cache miss)
815 http fetch GET 200 https://registry.npmjs.org/mz/-/mz-2.7.0.tgz 1024ms (cache miss)
816 http fetch GET 200 https://registry.npmjs.org/pirates/-/pirates-4.0.7.tgz 1026ms (cache miss)
817 http fetch GET 200 https://registry.npmjs.org/readdirp/-/readdirp-3.6.0.tgz 1095ms (cache miss)
818 http fetch GET 200 https://registry.npmjs.org/@nodelib/fs.scandir/-/fs.scandir-2.1.5.tgz 1096ms (cache miss)
819 http fetch GET 200 https://registry.npmjs.org/is-binary-path/-/is-binary-path-2.1.0.tgz 1145ms (cache miss)
820 http fetch GET 200 https://registry.npmjs.org/picomatch/-/picomatch-2.3.1.tgz 1164ms (cache miss)
821 http fetch GET 200 https://registry.npmjs.org/fill-range/-/fill-range-7.1.1.tgz 1162ms (cache miss)
822 http fetch GET 200 https://registry.npmjs.org/@nodelib/fs.stat/-/fs.stat-2.0.5.tgz 1164ms (cache miss)
823 http fetch GET 200 https://registry.npmjs.org/anymatch/-/anymatch-3.1.3.tgz 1162ms (cache miss)
824 http fetch GET 200 https://registry.npmjs.org/fsevents/-/fsevents-2.3.3.tgz 1165ms (cache miss)
825 http fetch GET 200 https://registry.npmjs.org/postcss-nested/-/postcss-nested-6.2.0.tgz 1183ms (cache miss)
826 http fetch GET 200 https://registry.npmjs.org/braces/-/braces-3.0.3.tgz 1187ms (cache miss)
827 http fetch GET 200 https://registry.npmjs.org/@jridgewell/gen-mapping/-/gen-mapping-0.3.13.tgz 1249ms (cache miss)
828 http fetch GET 200 https://registry.npmjs.org/@jridgewell/trace-mapping/-/trace-mapping-0.3.31.tgz 1329ms (cache miss)
829 http fetch GET 200 https://registry.npmjs.org/postcss-import/-/postcss-import-15.1.0.tgz 1357ms (cache miss)
830 http fetch GET 200 https://registry.npmjs.org/postcss-js/-/postcss-js-4.1.0.tgz 1358ms (cache miss)
831 http fetch GET 200 https://registry.npmjs.org/@nodelib/fs.walk/-/fs.walk-1.2.8.tgz 1368ms (cache miss)
832 http fetch GET 200 https://registry.npmjs.org/normalize-path/-/normalize-path-3.0.0.tgz 1439ms (cache miss)
833 http fetch GET 200 https://registry.npmjs.org/lilconfig/-/lilconfig-3.1.3.tgz 1452ms (cache miss)
834 http fetch GET 200 https://registry.npmjs.org/dlv/-/dlv-1.1.3.tgz 1452ms (cache miss)
835 http fetch GET 200 https://registry.npmjs.org/postcss-load-config/-/postcss-load-config-6.0.1.tgz 1455ms (cache miss)
836 http fetch GET 200 https://registry.npmjs.org/resolve/-/resolve-1.22.11.tgz 1479ms (cache miss)
837 http fetch GET 200 https://registry.npmjs.org/object-hash/-/object-hash-3.0.0.tgz 1476ms (cache miss)
838 http fetch GET 200 https://registry.npmjs.org/micromatch/-/micromatch-4.0.8.tgz 1475ms (cache miss)
839 http fetch GET 200 https://registry.npmjs.org/is-glob/-/is-glob-4.0.3.tgz 1492ms (cache miss)
840 http fetch GET 200 https://registry.npmjs.org/fast-glob/-/fast-glob-3.3.3.tgz 1565ms (cache miss)
841 http fetch GET 200 https://registry.npmjs.org/glob-parent/-/glob-parent-6.0.2.tgz 1582ms (cache miss)
842 http fetch GET 200 https://registry.npmjs.org/didyoumean/-/didyoumean-1.2.2.tgz 1606ms (cache miss)
843 http fetch GET 200 https://registry.npmjs.org/chokidar/-/chokidar-3.6.0.tgz 1681ms (cache miss)
844 http fetch GET 200 https://registry.npmjs.org/client-only/-/client-only-0.0.1.tgz 1695ms (cache miss)
845 http fetch GET 200 https://registry.npmjs.org/js-tokens/-/js-tokens-4.0.0.tgz 1705ms (cache miss)
846 http fetch GET 200 https://registry.npmjs.org/loose-envify/-/loose-envify-1.4.0.tgz 1705ms (cache miss)
847 http fetch GET 200 https://registry.npmjs.org/nanoid/-/nanoid-3.3.11.tgz 1800ms (cache miss)
848 http fetch GET 200 https://registry.npmjs.org/scheduler/-/scheduler-0.23.2.tgz 1809ms (cache miss)
849 http fetch GET 200 https://registry.npmjs.org/source-map-js/-/source-map-js-1.2.1.tgz 1919ms (cache miss)
850 http fetch GET 200 https://registry.npmjs.org/@alloc/quick-lru/-/quick-lru-5.2.0.tgz 1984ms (cache miss)
851 http fetch GET 200 https://registry.npmjs.org/arg/-/arg-5.0.2.tgz 1985ms (cache miss)
852 http fetch GET 200 https://registry.npmjs.org/streamsearch/-/streamsearch-1.1.0.tgz 1990ms (cache miss)
853 http fetch GET 200 https://registry.npmjs.org/tslib/-/tslib-2.8.1.tgz 1993ms (cache miss)
854 http fetch GET 200 https://registry.npmjs.org/busboy/-/busboy-1.6.0.tgz 2058ms (cache miss)
855 http fetch GET 200 https://registry.npmjs.org/@swc/counter/-/counter-0.1.3.tgz 2082ms (cache miss)
856 http fetch GET 200 https://registry.npmjs.org/@swc/helpers/-/helpers-0.5.5.tgz 2531ms (cache miss)
857 http fetch GET 200 https://registry.npmjs.org/sucrase/-/sucrase-3.35.1.tgz 2556ms (cache miss)
858 http fetch GET 200 https://registry.npmjs.org/node-releases/-/node-releases-2.0.27.tgz 2570ms (cache miss)
859 http fetch GET 200 https://registry.npmjs.org/electron-to-chromium/-/electron-to-chromium-1.5.267.tgz 2587ms (cache miss)
860 http fetch GET 200 https://registry.npmjs.org/update-browserslist-db/-/update-browserslist-db-1.2.3.tgz 2586ms (cache miss)
861 http fetch GET 200 https://registry.npmjs.org/postcss-selector-parser/-/postcss-selector-parser-6.1.2.tgz 2594ms (cache miss)
862 http fetch GET 200 https://registry.npmjs.org/fraction.js/-/fraction.js-5.3.4.tgz 2658ms (cache miss)
863 http fetch GET 200 https://registry.npmjs.org/picocolors/-/picocolors-1.1.1.tgz 2674ms (cache miss)
864 http fetch GET 200 https://registry.npmjs.org/baseline-browser-mapping/-/baseline-browser-mapping-2.9.14.tgz 2725ms (cache miss)
865 http fetch GET 200 https://registry.npmjs.org/csstype/-/csstype-3.2.3.tgz 2956ms (cache miss)
866 http fetch GET 200 https://registry.npmjs.org/@types/prop-types/-/prop-types-15.7.15.tgz 2991ms (cache miss)
867 http fetch GET 200 https://registry.npmjs.org/undici-types/-/undici-types-6.21.0.tgz 3013ms (cache miss)
868 http fetch GET 200 https://registry.npmjs.org/browserslist/-/browserslist-4.28.1.tgz 3069ms (cache miss)
869 http fetch GET 200 https://registry.npmjs.org/styled-jsx/-/styled-jsx-5.1.1.tgz 3184ms (cache miss)
870 http fetch GET 200 https://registry.npmjs.org/@next/env/-/env-14.2.35.tgz 3332ms (cache miss)
871 http fetch GET 200 https://registry.npmjs.org/postcss/-/postcss-8.5.6.tgz 3365ms (cache miss)
872 http fetch GET 200 https://registry.npmjs.org/react/-/react-18.3.1.tgz 3565ms (cache miss)
873 http fetch GET 200 https://registry.npmjs.org/postcss-value-parser/-/postcss-value-parser-4.2.0.tgz 3606ms (cache miss)
874 http fetch GET 200 https://registry.npmjs.org/@types/react-dom/-/react-dom-18.3.7.tgz 3606ms (cache miss)
875 http fetch GET 200 https://registry.npmjs.org/glob-parent/-/glob-parent-5.1.2.tgz 3898ms (cache miss)
876 http fetch GET 200 https://registry.npmjs.org/picomatch/-/picomatch-4.0.3.tgz 4114ms (cache miss)
877 http fetch GET 200 https://registry.npmjs.org/@types/react/-/react-18.3.27.tgz 4118ms (cache miss)
878 http fetch GET 200 https://registry.npmjs.org/@types/node/-/node-20.19.28.tgz 4126ms (cache miss)
879 http fetch GET 200 https://registry.npmjs.org/fdir/-/fdir-6.5.0.tgz 4199ms (cache miss)
880 http fetch GET 200 https://registry.npmjs.org/glob-parent/-/glob-parent-5.1.2.tgz 4198ms (cache miss)
881 http fetch GET 200 https://registry.npmjs.org/jiti/-/jiti-1.21.7.tgz 4280ms (cache miss)
882 http fetch GET 200 https://registry.npmjs.org/caniuse-lite/-/caniuse-lite-1.0.30001764.tgz 4558ms (cache miss)
883 http fetch GET 200 https://registry.npmjs.org/react-dom/-/react-dom-18.3.1.tgz 5557ms (cache miss)
884 http fetch GET 200 https://registry.npmjs.org/graceful-fs/-/graceful-fs-4.2.11.tgz 5885ms (cache miss)
885 http fetch GET 200 https://registry.npmjs.org/postcss/-/postcss-8.4.31.tgz 6352ms (cache miss)
886 http fetch GET 200 https://registry.npmjs.org/autoprefixer/-/autoprefixer-10.4.23.tgz 7390ms (cache miss)
887 http fetch GET 200 https://registry.npmjs.org/typescript/-/typescript-5.9.3.tgz 7470ms (cache miss)
888 http fetch GET 200 https://registry.npmjs.org/tailwindcss/-/tailwindcss-3.4.19.tgz 19243ms (cache miss)
889 http fetch GET 200 https://registry.npmjs.org/@next/swc-darwin-arm64/-/swc-darwin-arm64-14.2.33.tgz 46374ms (cache miss)
890 http fetch GET 200 https://registry.npmjs.org/next/-/next-14.2.35.tgz 57571ms (cache miss)
891 info run fsevents@2.3.3 install node_modules/fsevents node-gyp rebuild
892 info run fsevents@2.3.3 install { code: 1, signal: null }
893 verbose reify failed optional dependency /Users/deonkenzie/Desktop/Mould Busters/node_modules/fsevents
894 silly reify mark deleted [ '/Users/deonkenzie/Desktop/Mould Busters/node_modules/fsevents' ]
895 silly ADD node_modules/escalade
896 silly ADD node_modules/is-number
897 silly ADD node_modules/thenify
898 silly ADD node_modules/thenify-all
899 silly ADD node_modules/object-assign
900 silly ADD node_modules/any-promise
901 silly ADD node_modules/@jridgewell/resolve-uri
902 silly ADD node_modules/@jridgewell/trace-mapping
903 silly ADD node_modules/@jridgewell/sourcemap-codec
904 silly ADD node_modules/ts-interface-checker
905 silly ADD node_modules/tinyglobby
906 silly ADD node_modules/tinyglobby/node_modules/picomatch
907 silly ADD node_modules/tinyglobby/node_modules/fdir
908 silly ADD node_modules/pirates
909 silly ADD node_modules/mz
910 silly ADD node_modules/lines-and-columns
911 silly ADD node_modules/commander
912 silly ADD node_modules/@jridgewell/gen-mapping
913 silly ADD node_modules/queue-microtask
914 silly ADD node_modules/function-bind
915 silly ADD node_modules/hasown
916 silly ADD node_modules/supports-preserve-symlinks-flag
917 silly ADD node_modules/path-parse
918 silly ADD node_modules/is-core-module
919 silly ADD node_modules/pify
920 silly ADD node_modules/util-deprecate
921 silly ADD node_modules/cssesc
922 silly ADD node_modules/camelcase-css
923 silly ADD node_modules/read-cache
924 silly ADD node_modules/is-extglob
925 silly ADD node_modules/binary-extensions
926 silly ADD node_modules/to-regex-range
927 silly ADD node_modules/reusify
928 silly ADD node_modules/run-parallel
929 silly ADD node_modules/fastq
930 silly ADD node_modules/@nodelib/fs.scandir
931 silly ADD node_modules/merge2
932 silly ADD node_modules/@nodelib/fs.walk
933 silly ADD node_modules/@nodelib/fs.stat
934 silly ADD node_modules/fill-range
935 silly ADD node_modules/picomatch
936 silly ADD node_modules/readdirp
937 silly ADD node_modules/is-binary-path
938 silly ADD
939 silly ADD node_modules/braces
940 silly ADD node_modules/anymatch
941 silly ADD node_modules/sucrase
942 silly ADD node_modules/resolve
943 silly ADD node_modules/postcss-selector-parser
944 silly ADD node_modules/postcss-nested
945 silly ADD node_modules/postcss-load-config
946 silly ADD node_modules/postcss-js
947 silly ADD node_modules/postcss-import
948 silly ADD node_modules/object-hash
949 silly ADD node_modules/normalize-path
950 silly ADD node_modules/micromatch
951 silly ADD node_modules/lilconfig
952 silly ADD node_modules/jiti
953 silly ADD node_modules/is-glob
954 silly ADD node_modules/glob-parent
955 silly ADD node_modules/fast-glob
956 silly ADD node_modules/fast-glob/node_modules/glob-parent
957 silly ADD node_modules/dlv
958 silly ADD node_modules/didyoumean
959 silly ADD node_modules/chokidar
960 silly ADD node_modules/chokidar/node_modules/glob-parent
961 silly ADD node_modules/arg
962 silly ADD node_modules/@alloc/quick-lru
963 silly ADD node_modules/client-only
964 silly ADD node_modules/scheduler
965 silly ADD node_modules/js-tokens
966 silly ADD node_modules/loose-envify
967 silly ADD node_modules/source-map-js
968 silly ADD node_modules/nanoid
969 silly ADD node_modules/streamsearch
970 silly ADD node_modules/tslib
971 silly ADD node_modules/@swc/counter
972 silly ADD node_modules/styled-jsx
973 silly ADD node_modules/graceful-fs
974 silly ADD node_modules/busboy
975 silly ADD node_modules/@swc/helpers
976 silly ADD
977 silly ADD
978 silly ADD
979 silly ADD
980 silly ADD
981 silly ADD
982 silly ADD
983 silly ADD
984 silly ADD node_modules/@next/swc-darwin-arm64
985 silly ADD node_modules/@next/env
986 silly ADD node_modules/update-browserslist-db
987 silly ADD node_modules/node-releases
988 silly ADD node_modules/electron-to-chromium
989 silly ADD node_modules/baseline-browser-mapping
990 silly ADD node_modules/postcss-value-parser
991 silly ADD node_modules/picocolors
992 silly ADD node_modules/fraction.js
993 silly ADD node_modules/caniuse-lite
994 silly ADD node_modules/browserslist
995 silly ADD node_modules/csstype
996 silly ADD node_modules/@types/prop-types
997 silly ADD node_modules/undici-types
998 silly ADD node_modules/typescript
999 silly ADD node_modules/tailwindcss
1000 silly ADD node_modules/react-dom
1001 silly ADD node_modules/react
1002 silly ADD node_modules/next
1003 silly ADD node_modules/next/node_modules/postcss
1004 silly ADD node_modules/postcss
1005 silly ADD node_modules/autoprefixer
1006 silly ADD node_modules/@types/react-dom
1007 silly ADD node_modules/@types/react
1008 silly ADD node_modules/@types/node
1009 verbose cwd /Users/deonkenzie/Desktop/Mould Busters
1010 verbose os Darwin 23.5.0
1011 verbose node v18.20.8
1012 verbose npm  v10.8.2
1013 notice
1013 notice New major version of npm available! 10.8.2 -> 11.7.0
1013 notice Changelog: https://github.com/npm/cli/releases/tag/v11.7.0
1013 notice To update run: npm install -g npm@11.7.0
1013 notice  { force: true, [Symbol(proc-log.meta)]: true }
1014 verbose exit 0
1015 info ok
